2023-06-30 16:20:58[ INFO ]Finance模块>>添加请求测试1：插入正常数据，通过
2023-06-30 16:20:58[ INFO ]Finance模块>>添加请求测试2：插入已存在数据，通过
2023-06-30 16:20:58[ INFO ]Finance模块>>添加请求测试，通过
2023-06-30 16:20:58[ INFO ]Finance模块>>根据Id查询请求测试1：不存在的Id，通过
2023-06-30 16:20:58[ INFO ]Finance模块>>根据Id查询请求测试2：存在的Id，通过
2023-06-30 16:20:58[ INFO ]Finance模块>>根据Id查询请求测试，通过
2023-06-30 16:20:58[ INFO ]Finance模块>>修改请求测试1：不存在的Id，通过
2023-06-30 16:20:58[ INFO ]Finance模块>>修改请求测试2：存在的Id，通过
2023-06-30 16:20:58[ INFO ]Finance模块>>修改请求测试，通过
2023-06-30 16:20:58[ INFO ]Finance模块>>列表请求测试1：非空列表，通过
2023-06-30 16:20:58[ INFO ]Finance模块>>统计请求测试：通过
2023-06-30 16:20:58[ INFO ]Finance模块>>删除请求测试1：不存在的Id，通过
2023-06-30 16:20:58[ INFO ]Finance模块>>删除请求测试2：存在的Id，通过
2023-06-30 16:20:58[ INFO ]Finance模块>>删除请求测试，通过
2023-06-30 16:20:58[ INFO ]Finance模块>>列表请求测试2：空列表，通过
2023-06-30 16:38:11[ INFO ]Finance模块>>添加请求测试1：插入正常数据，通过
2023-06-30 16:38:11[ INFO ]Finance模块>>添加请求测试2：插入已存在数据，通过
2023-06-30 16:38:11[ INFO ]Finance模块>>添加请求测试，通过
2023-06-30 16:38:11[ INFO ]Finance模块>>根据Id查询请求测试1：不存在的Id，通过
2023-06-30 16:38:11[ INFO ]Finance模块>>根据Id查询请求测试2：存在的Id，通过
2023-06-30 16:38:11[ INFO ]Finance模块>>根据Id查询请求测试，通过
2023-06-30 16:38:12[ INFO ]Finance模块>>修改请求测试1：不存在的Id，通过
2023-06-30 16:38:12[ INFO ]Finance模块>>修改请求测试2：存在的Id，通过
2023-06-30 16:38:12[ INFO ]Finance模块>>修改请求测试，通过
2023-06-30 16:38:12[ INFO ]Finance模块>>列表请求测试1：非空列表，通过
2023-06-30 16:38:12[ INFO ]Finance模块>>统计请求测试：通过
2023-06-30 16:38:12[ INFO ]Finance模块>>删除请求测试1：不存在的Id，通过
2023-06-30 16:38:12[ INFO ]Finance模块>>删除请求测试2：存在的Id，通过
2023-06-30 16:38:12[ INFO ]Finance模块>>删除请求测试，通过
2023-06-30 16:38:12[ INFO ]Finance模块>>列表请求测试2：空列表，通过
2023-06-30 16:38:12[ INFO ]Finance模块>>添加请求测试1：插入正常数据，通过
2023-06-30 16:38:12[ INFO ]Finance模块>>添加请求测试2：插入已存在数据，通过
2023-06-30 16:38:12[ INFO ]Finance模块>>添加请求测试，通过
2023-06-30 16:38:12[ INFO ]Finance模块>>根据Id查询请求测试1：不存在的Id，通过
2023-06-30 16:38:12[ INFO ]Finance模块>>根据Id查询请求测试2：存在的Id，通过
2023-06-30 16:38:12[ INFO ]Finance模块>>根据Id查询请求测试，通过
2023-06-30 16:38:12[ INFO ]Finance模块>>修改请求测试1：不存在的Id，通过
2023-06-30 16:38:12[ INFO ]Finance模块>>修改请求测试2：存在的Id，通过
2023-06-30 16:38:12[ INFO ]Finance模块>>修改请求测试，通过
2023-06-30 16:38:12[ INFO ]Finance模块>>列表请求测试1：非空列表，通过
2023-06-30 16:38:12[ INFO ]Finance模块>>统计请求测试：通过
2023-06-30 16:38:12[ INFO ]Finance模块>>删除请求测试1：不存在的Id，通过
2023-06-30 16:38:12[ INFO ]Finance模块>>删除请求测试2：存在的Id，通过
2023-06-30 16:38:12[ INFO ]Finance模块>>删除请求测试，通过
2023-06-30 16:38:12[ INFO ]Finance模块>>列表请求测试2：空列表，通过
2023-06-30 16:38:12[ INFO ]Finance模块>>添加请求测试1：插入正常数据，通过
2023-06-30 16:38:12[ INFO ]Finance模块>>添加请求测试2：插入已存在数据，通过
2023-06-30 16:38:12[ INFO ]Finance模块>>添加请求测试，通过
2023-06-30 16:38:12[ INFO ]Finance模块>>根据Id查询请求测试1：不存在的Id，通过
2023-06-30 16:38:12[ INFO ]Finance模块>>根据Id查询请求测试2：存在的Id，通过
2023-06-30 16:38:12[ INFO ]Finance模块>>根据Id查询请求测试，通过
2023-06-30 16:38:12[ INFO ]Finance模块>>修改请求测试1：不存在的Id，通过
2023-06-30 16:38:12[ INFO ]Finance模块>>修改请求测试2：存在的Id，通过
2023-06-30 16:38:12[ INFO ]Finance模块>>修改请求测试，通过
2023-06-30 16:38:12[ INFO ]Finance模块>>列表请求测试1：非空列表，通过
2023-06-30 16:38:12[ INFO ]Finance模块>>统计请求测试：通过
2023-06-30 16:38:12[ INFO ]Finance模块>>删除请求测试1：不存在的Id，通过
2023-06-30 16:38:12[ INFO ]Finance模块>>删除请求测试2：存在的Id，通过
2023-06-30 16:38:12[ INFO ]Finance模块>>删除请求测试，通过
2023-06-30 16:38:12[ INFO ]Finance模块>>列表请求测试2：空列表，通过
2023-06-30 16:38:12[ INFO ]Finance模块>>添加请求测试1：插入正常数据，通过
2023-06-30 16:38:12[ INFO ]Finance模块>>添加请求测试2：插入已存在数据，通过
2023-06-30 16:38:12[ INFO ]Finance模块>>添加请求测试，通过
2023-06-30 16:38:12[ INFO ]Finance模块>>根据Id查询请求测试1：不存在的Id，通过
2023-06-30 16:38:12[ INFO ]Finance模块>>根据Id查询请求测试2：存在的Id，通过
2023-06-30 16:38:12[ INFO ]Finance模块>>根据Id查询请求测试，通过
2023-06-30 16:38:12[ INFO ]Finance模块>>修改请求测试1：不存在的Id，通过
2023-06-30 16:38:12[ INFO ]Finance模块>>修改请求测试2：存在的Id，通过
2023-06-30 16:38:12[ INFO ]Finance模块>>修改请求测试，通过
2023-06-30 16:38:12[ INFO ]Finance模块>>列表请求测试1：非空列表，通过
2023-06-30 16:38:12[ INFO ]Finance模块>>统计请求测试：通过
2023-06-30 16:38:12[ INFO ]Finance模块>>删除请求测试1：不存在的Id，通过
2023-06-30 16:38:12[ INFO ]Finance模块>>删除请求测试2：存在的Id，通过
2023-06-30 16:38:12[ INFO ]Finance模块>>删除请求测试，通过
2023-06-30 16:38:12[ INFO ]Finance模块>>列表请求测试2：空列表，通过
2023-06-30 16:39:26[ INFO ]Finance模块>>添加请求测试1：插入正常数据，通过
2023-06-30 16:39:26[ INFO ]Finance模块>>添加请求测试2：插入已存在数据，通过
2023-06-30 16:39:26[ INFO ]Finance模块>>添加请求测试，通过
2023-06-30 16:39:26[ INFO ]Finance模块>>根据Id查询请求测试1：不存在的Id，通过
2023-06-30 16:39:26[ INFO ]Finance模块>>根据Id查询请求测试2：存在的Id，通过
2023-06-30 16:39:26[ INFO ]Finance模块>>根据Id查询请求测试，通过
2023-06-30 16:39:26[ INFO ]Finance模块>>修改请求测试1：不存在的Id，通过
2023-06-30 16:39:26[ INFO ]Finance模块>>修改请求测试2：存在的Id，通过
2023-06-30 16:39:26[ INFO ]Finance模块>>修改请求测试，通过
2023-06-30 16:39:26[ INFO ]Finance模块>>列表请求测试1：非空列表，通过
2023-06-30 16:39:26[ INFO ]Finance模块>>统计请求测试：通过
2023-06-30 16:39:26[ INFO ]Finance模块>>删除请求测试1：不存在的Id，通过
2023-06-30 16:39:26[ INFO ]Finance模块>>删除请求测试2：存在的Id，通过
2023-06-30 16:39:26[ INFO ]Finance模块>>删除请求测试，通过
2023-06-30 16:39:26[ INFO ]Finance模块>>列表请求测试2：空列表，通过
2023-06-30 16:39:26[ INFO ]Finance模块>>添加请求测试1：插入正常数据，通过
2023-06-30 16:39:26[ INFO ]Finance模块>>添加请求测试2：插入已存在数据，通过
2023-06-30 16:39:26[ INFO ]Finance模块>>添加请求测试，通过
2023-06-30 16:39:26[ INFO ]Finance模块>>根据Id查询请求测试1：不存在的Id，通过
2023-06-30 16:39:26[ INFO ]Finance模块>>根据Id查询请求测试2：存在的Id，通过
2023-06-30 16:39:26[ INFO ]Finance模块>>根据Id查询请求测试，通过
2023-06-30 16:39:26[ INFO ]Finance模块>>修改请求测试1：不存在的Id，通过
2023-06-30 16:39:26[ INFO ]Finance模块>>修改请求测试2：存在的Id，通过
2023-06-30 16:39:26[ INFO ]Finance模块>>修改请求测试，通过
2023-06-30 16:39:26[ INFO ]Finance模块>>列表请求测试1：非空列表，通过
2023-06-30 16:39:26[ INFO ]Finance模块>>统计请求测试：通过
2023-06-30 16:39:26[ INFO ]Finance模块>>删除请求测试1：不存在的Id，通过
2023-06-30 16:39:26[ INFO ]Finance模块>>删除请求测试2：存在的Id，通过
2023-06-30 16:39:26[ INFO ]Finance模块>>删除请求测试，通过
2023-06-30 16:39:26[ INFO ]Finance模块>>列表请求测试2：空列表，通过
2023-06-30 16:39:26[ INFO ]Finance模块>>添加请求测试1：插入正常数据，通过
2023-06-30 16:39:26[ INFO ]Finance模块>>添加请求测试2：插入已存在数据，通过
2023-06-30 16:39:26[ INFO ]Finance模块>>添加请求测试，通过
2023-06-30 16:39:26[ INFO ]Finance模块>>根据Id查询请求测试1：不存在的Id，通过
2023-06-30 16:39:26[ INFO ]Finance模块>>根据Id查询请求测试2：存在的Id，通过
2023-06-30 16:39:26[ INFO ]Finance模块>>根据Id查询请求测试，通过
2023-06-30 16:39:26[ INFO ]Finance模块>>修改请求测试1：不存在的Id，通过
2023-06-30 16:39:26[ INFO ]Finance模块>>修改请求测试2：存在的Id，通过
2023-06-30 16:39:26[ INFO ]Finance模块>>修改请求测试，通过
2023-06-30 16:39:26[ INFO ]Finance模块>>列表请求测试1：非空列表，通过
2023-06-30 16:39:26[ INFO ]Finance模块>>统计请求测试：通过
2023-06-30 16:39:26[ INFO ]Finance模块>>删除请求测试1：不存在的Id，通过
2023-06-30 16:39:26[ INFO ]Finance模块>>删除请求测试2：存在的Id，通过
2023-06-30 16:39:26[ INFO ]Finance模块>>删除请求测试，通过
2023-06-30 16:39:26[ INFO ]Finance模块>>列表请求测试2：空列表，通过
2023-06-30 16:39:27[ INFO ]Finance模块>>添加请求测试1：插入正常数据，通过
2023-06-30 16:39:27[ INFO ]Finance模块>>添加请求测试2：插入已存在数据，通过
2023-06-30 16:39:27[ INFO ]Finance模块>>添加请求测试，通过
2023-06-30 16:39:27[ INFO ]Finance模块>>根据Id查询请求测试1：不存在的Id，通过
2023-06-30 16:39:27[ INFO ]Finance模块>>根据Id查询请求测试2：存在的Id，通过
2023-06-30 16:39:27[ INFO ]Finance模块>>根据Id查询请求测试，通过
2023-06-30 16:39:27[ INFO ]Finance模块>>修改请求测试1：不存在的Id，通过
2023-06-30 16:39:27[ INFO ]Finance模块>>修改请求测试2：存在的Id，通过
2023-06-30 16:39:27[ INFO ]Finance模块>>修改请求测试，通过
2023-06-30 16:39:27[ INFO ]Finance模块>>列表请求测试1：非空列表，通过
2023-06-30 16:39:27[ INFO ]Finance模块>>统计请求测试：通过
2023-06-30 16:39:27[ INFO ]Finance模块>>删除请求测试1：不存在的Id，通过
2023-06-30 16:39:27[ INFO ]Finance模块>>删除请求测试2：存在的Id，通过
2023-06-30 16:39:27[ INFO ]Finance模块>>删除请求测试，通过
2023-06-30 16:39:27[ INFO ]Finance模块>>列表请求测试2：空列表，通过
2023-06-30 16:40:20[ INFO ]Finance模块>>添加请求测试1：插入正常数据，通过
2023-06-30 16:40:20[ INFO ]Finance模块>>添加请求测试2：插入已存在数据，通过
2023-06-30 16:40:20[ INFO ]Finance模块>>添加请求测试，通过
2023-06-30 16:40:20[ INFO ]Finance模块>>根据Id查询请求测试1：不存在的Id，通过
2023-06-30 16:40:20[ INFO ]Finance模块>>根据Id查询请求测试2：存在的Id，通过
2023-06-30 16:40:20[ INFO ]Finance模块>>根据Id查询请求测试，通过
2023-06-30 16:40:20[ INFO ]Finance模块>>修改请求测试1：不存在的Id，通过
2023-06-30 16:40:20[ INFO ]Finance模块>>修改请求测试2：存在的Id，通过
2023-06-30 16:40:20[ INFO ]Finance模块>>修改请求测试，通过
2023-06-30 16:40:20[ INFO ]Finance模块>>列表请求测试1：非空列表，通过
2023-06-30 16:40:20[ INFO ]Finance模块>>统计请求测试：通过
2023-06-30 16:40:20[ INFO ]Finance模块>>删除请求测试1：不存在的Id，通过
2023-06-30 16:40:20[ INFO ]Finance模块>>删除请求测试2：存在的Id，通过
2023-06-30 16:40:20[ INFO ]Finance模块>>删除请求测试，通过
2023-06-30 16:40:20[ INFO ]Finance模块>>列表请求测试2：空列表，通过
2023-06-30 16:40:20[ INFO ]Finance模块>>添加请求测试1：插入正常数据，通过
2023-06-30 16:40:20[ INFO ]Finance模块>>添加请求测试2：插入已存在数据，通过
2023-06-30 16:40:20[ INFO ]Finance模块>>添加请求测试，通过
2023-06-30 16:40:20[ INFO ]Finance模块>>根据Id查询请求测试1：不存在的Id，通过
2023-06-30 16:40:20[ INFO ]Finance模块>>根据Id查询请求测试2：存在的Id，通过
2023-06-30 16:40:20[ INFO ]Finance模块>>根据Id查询请求测试，通过
2023-06-30 16:40:20[ INFO ]Finance模块>>修改请求测试1：不存在的Id，通过
2023-06-30 16:40:20[ INFO ]Finance模块>>修改请求测试2：存在的Id，通过
2023-06-30 16:40:20[ INFO ]Finance模块>>修改请求测试，通过
2023-06-30 16:40:20[ INFO ]Finance模块>>列表请求测试1：非空列表，通过
2023-06-30 16:40:20[ INFO ]Finance模块>>统计请求测试：通过
2023-06-30 16:40:20[ INFO ]Finance模块>>删除请求测试1：不存在的Id，通过
2023-06-30 16:40:20[ INFO ]Finance模块>>删除请求测试2：存在的Id，通过
2023-06-30 16:40:20[ INFO ]Finance模块>>删除请求测试，通过
2023-06-30 16:40:20[ INFO ]Finance模块>>列表请求测试2：空列表，通过
2023-06-30 16:40:20[ INFO ]Finance模块>>添加请求测试1：插入正常数据，通过
2023-06-30 16:40:20[ INFO ]Finance模块>>添加请求测试2：插入已存在数据，通过
2023-06-30 16:40:20[ INFO ]Finance模块>>添加请求测试，通过
2023-06-30 16:40:20[ INFO ]Finance模块>>根据Id查询请求测试1：不存在的Id，通过
2023-06-30 16:40:20[ INFO ]Finance模块>>根据Id查询请求测试2：存在的Id，通过
2023-06-30 16:40:20[ INFO ]Finance模块>>根据Id查询请求测试，通过
2023-06-30 16:40:20[ INFO ]Finance模块>>修改请求测试1：不存在的Id，通过
2023-06-30 16:40:20[ INFO ]Finance模块>>修改请求测试2：存在的Id，通过
2023-06-30 16:40:20[ INFO ]Finance模块>>修改请求测试，通过
2023-06-30 16:40:20[ INFO ]Finance模块>>列表请求测试1：非空列表，通过
2023-06-30 16:40:20[ INFO ]Finance模块>>统计请求测试：通过
2023-06-30 16:40:20[ INFO ]Finance模块>>删除请求测试1：不存在的Id，通过
2023-06-30 16:40:20[ INFO ]Finance模块>>删除请求测试2：存在的Id，通过
2023-06-30 16:40:20[ INFO ]Finance模块>>删除请求测试，通过
2023-06-30 16:40:20[ INFO ]Finance模块>>列表请求测试2：空列表，通过
2023-06-30 16:40:20[ INFO ]Finance模块>>添加请求测试1：插入正常数据，通过
2023-06-30 16:40:20[ INFO ]Finance模块>>添加请求测试2：插入已存在数据，通过
2023-06-30 16:40:20[ INFO ]Finance模块>>添加请求测试，通过
2023-06-30 16:40:20[ INFO ]Finance模块>>根据Id查询请求测试1：不存在的Id，通过
2023-06-30 16:40:20[ INFO ]Finance模块>>根据Id查询请求测试2：存在的Id，通过
2023-06-30 16:40:20[ INFO ]Finance模块>>根据Id查询请求测试，通过
2023-06-30 16:40:20[ INFO ]Finance模块>>修改请求测试1：不存在的Id，通过
2023-06-30 16:40:20[ INFO ]Finance模块>>修改请求测试2：存在的Id，通过
2023-06-30 16:40:20[ INFO ]Finance模块>>修改请求测试，通过
2023-06-30 16:40:20[ INFO ]Finance模块>>列表请求测试1：非空列表，通过
2023-06-30 16:40:20[ INFO ]Finance模块>>统计请求测试：通过
2023-06-30 16:40:20[ INFO ]Finance模块>>删除请求测试1：不存在的Id，通过
2023-06-30 16:40:20[ INFO ]Finance模块>>删除请求测试2：存在的Id，通过
2023-06-30 16:40:20[ INFO ]Finance模块>>删除请求测试，通过
2023-06-30 16:40:20[ INFO ]Finance模块>>列表请求测试2：空列表，通过
2023-06-30 16:40:52[ INFO ]Finance模块>>添加请求测试1：插入正常数据，通过
2023-06-30 16:40:52[ INFO ]Finance模块>>添加请求测试2：插入已存在数据，通过
2023-06-30 16:40:52[ INFO ]Finance模块>>添加请求测试，通过
2023-06-30 16:40:52[ INFO ]Finance模块>>根据Id查询请求测试1：不存在的Id，通过
2023-06-30 16:40:52[ INFO ]Finance模块>>根据Id查询请求测试2：存在的Id，通过
2023-06-30 16:40:52[ INFO ]Finance模块>>根据Id查询请求测试，通过
2023-06-30 16:40:52[ INFO ]Finance模块>>修改请求测试1：不存在的Id，通过
2023-06-30 16:40:52[ INFO ]Finance模块>>修改请求测试2：存在的Id，通过
2023-06-30 16:40:52[ INFO ]Finance模块>>修改请求测试，通过
2023-06-30 16:40:52[ INFO ]Finance模块>>列表请求测试1：非空列表，通过
2023-06-30 16:40:52[ INFO ]Finance模块>>统计请求测试：通过
2023-06-30 16:40:52[ INFO ]Finance模块>>删除请求测试1：不存在的Id，通过
2023-06-30 16:40:52[ INFO ]Finance模块>>删除请求测试2：存在的Id，通过
2023-06-30 16:40:52[ INFO ]Finance模块>>删除请求测试，通过
2023-06-30 16:40:52[ INFO ]Finance模块>>列表请求测试2：空列表，通过
2023-06-30 16:40:52[ INFO ]Finance模块>>添加请求测试1：插入正常数据，通过
2023-06-30 16:40:52[ INFO ]Finance模块>>添加请求测试2：插入已存在数据，通过
2023-06-30 16:40:52[ INFO ]Finance模块>>添加请求测试，通过
2023-06-30 16:40:52[ INFO ]Finance模块>>根据Id查询请求测试1：不存在的Id，通过
2023-06-30 16:40:52[ INFO ]Finance模块>>根据Id查询请求测试2：存在的Id，通过
2023-06-30 16:40:52[ INFO ]Finance模块>>根据Id查询请求测试，通过
2023-06-30 16:40:52[ INFO ]Finance模块>>修改请求测试1：不存在的Id，通过
2023-06-30 16:40:52[ INFO ]Finance模块>>修改请求测试2：存在的Id，通过
2023-06-30 16:40:52[ INFO ]Finance模块>>修改请求测试，通过
2023-06-30 16:40:52[ INFO ]Finance模块>>列表请求测试1：非空列表，通过
2023-06-30 16:40:52[ INFO ]Finance模块>>统计请求测试：通过
2023-06-30 16:40:52[ INFO ]Finance模块>>删除请求测试1：不存在的Id，通过
2023-06-30 16:40:52[ INFO ]Finance模块>>删除请求测试2：存在的Id，通过
2023-06-30 16:40:52[ INFO ]Finance模块>>删除请求测试，通过
2023-06-30 16:40:52[ INFO ]Finance模块>>列表请求测试2：空列表，通过
2023-06-30 16:40:52[ INFO ]Finance模块>>添加请求测试1：插入正常数据，通过
2023-06-30 16:40:52[ INFO ]Finance模块>>添加请求测试2：插入已存在数据，通过
2023-06-30 16:40:52[ INFO ]Finance模块>>添加请求测试，通过
2023-06-30 16:40:52[ INFO ]Finance模块>>根据Id查询请求测试1：不存在的Id，通过
2023-06-30 16:40:52[ INFO ]Finance模块>>根据Id查询请求测试2：存在的Id，通过
2023-06-30 16:40:52[ INFO ]Finance模块>>根据Id查询请求测试，通过
2023-06-30 16:40:52[ INFO ]Finance模块>>修改请求测试1：不存在的Id，通过
2023-06-30 16:40:52[ INFO ]Finance模块>>修改请求测试2：存在的Id，通过
2023-06-30 16:40:52[ INFO ]Finance模块>>修改请求测试，通过
2023-06-30 16:40:52[ INFO ]Finance模块>>列表请求测试1：非空列表，通过
2023-06-30 16:40:52[ INFO ]Finance模块>>统计请求测试：通过
2023-06-30 16:40:52[ INFO ]Finance模块>>删除请求测试1：不存在的Id，通过
2023-06-30 16:40:52[ INFO ]Finance模块>>删除请求测试2：存在的Id，通过
2023-06-30 16:40:52[ INFO ]Finance模块>>删除请求测试，通过
2023-06-30 16:40:52[ INFO ]Finance模块>>列表请求测试2：空列表，通过
2023-06-30 16:41:26[ INFO ]Finance模块>>添加请求测试1：插入正常数据，通过
2023-06-30 16:41:26[ INFO ]Finance模块>>添加请求测试2：插入已存在数据，通过
2023-06-30 16:41:26[ INFO ]Finance模块>>添加请求测试，通过
2023-06-30 16:41:26[ INFO ]Finance模块>>根据Id查询请求测试1：不存在的Id，通过
2023-06-30 16:41:26[ INFO ]Finance模块>>根据Id查询请求测试2：存在的Id，通过
2023-06-30 16:41:26[ INFO ]Finance模块>>根据Id查询请求测试，通过
2023-06-30 16:41:26[ INFO ]Finance模块>>修改请求测试1：不存在的Id，通过
2023-06-30 16:41:26[ INFO ]Finance模块>>修改请求测试2：存在的Id，通过
2023-06-30 16:41:26[ INFO ]Finance模块>>修改请求测试，通过
2023-06-30 16:41:26[ INFO ]Finance模块>>列表请求测试1：非空列表，通过
2023-06-30 16:41:26[ INFO ]Finance模块>>统计请求测试：通过
2023-06-30 16:41:26[ INFO ]Finance模块>>删除请求测试1：不存在的Id，通过
2023-06-30 16:41:26[ INFO ]Finance模块>>删除请求测试2：存在的Id，通过
2023-06-30 16:41:26[ INFO ]Finance模块>>删除请求测试，通过
2023-06-30 16:41:26[ INFO ]Finance模块>>列表请求测试2：空列表，通过
2023-06-30 16:41:26[ INFO ]Finance模块>>添加请求测试1：插入正常数据，通过
2023-06-30 16:41:26[ INFO ]Finance模块>>添加请求测试2：插入已存在数据，通过
2023-06-30 16:41:26[ INFO ]Finance模块>>添加请求测试，通过
2023-06-30 16:41:26[ INFO ]Finance模块>>根据Id查询请求测试1：不存在的Id，通过
2023-06-30 16:41:26[ INFO ]Finance模块>>根据Id查询请求测试2：存在的Id，通过
2023-06-30 16:41:26[ INFO ]Finance模块>>根据Id查询请求测试，通过
2023-06-30 16:41:26[ INFO ]Finance模块>>修改请求测试1：不存在的Id，通过
2023-06-30 16:41:26[ INFO ]Finance模块>>修改请求测试2：存在的Id，通过
2023-06-30 16:41:26[ INFO ]Finance模块>>修改请求测试，通过
2023-06-30 16:41:26[ INFO ]Finance模块>>列表请求测试1：非空列表，通过
2023-06-30 16:41:26[ INFO ]Finance模块>>统计请求测试：通过
2023-06-30 16:41:26[ INFO ]Finance模块>>删除请求测试1：不存在的Id，通过
2023-06-30 16:41:26[ INFO ]Finance模块>>删除请求测试2：存在的Id，通过
2023-06-30 16:41:26[ INFO ]Finance模块>>删除请求测试，通过
2023-06-30 16:41:26[ INFO ]Finance模块>>列表请求测试2：空列表，通过
2023-06-30 16:41:26[ INFO ]Finance模块>>添加请求测试1：插入正常数据，通过
2023-06-30 16:41:26[ INFO ]Finance模块>>添加请求测试2：插入已存在数据，通过
2023-06-30 16:41:26[ INFO ]Finance模块>>添加请求测试，通过
2023-06-30 16:41:26[ INFO ]Finance模块>>根据Id查询请求测试1：不存在的Id，通过
2023-06-30 16:41:26[ INFO ]Finance模块>>根据Id查询请求测试2：存在的Id，通过
2023-06-30 16:41:26[ INFO ]Finance模块>>根据Id查询请求测试，通过
2023-06-30 16:41:26[ INFO ]Finance模块>>修改请求测试1：不存在的Id，通过
2023-06-30 16:41:26[ INFO ]Finance模块>>修改请求测试2：存在的Id，通过
2023-06-30 16:41:26[ INFO ]Finance模块>>修改请求测试，通过
2023-06-30 16:41:26[ INFO ]Finance模块>>列表请求测试1：非空列表，通过
2023-06-30 16:41:26[ INFO ]Finance模块>>统计请求测试：通过
2023-06-30 16:41:26[ INFO ]Finance模块>>删除请求测试1：不存在的Id，通过
2023-06-30 16:41:26[ INFO ]Finance模块>>删除请求测试2：存在的Id，通过
2023-06-30 16:41:26[ INFO ]Finance模块>>删除请求测试，通过
2023-06-30 16:41:26[ INFO ]Finance模块>>列表请求测试2：空列表，通过
2023-06-30 16:41:50[ INFO ]Finance模块>>添加请求测试1：插入正常数据，通过
2023-06-30 16:41:50[ INFO ]Finance模块>>添加请求测试2：插入已存在数据，通过
2023-06-30 16:41:50[ INFO ]Finance模块>>添加请求测试，通过
2023-06-30 16:41:50[ INFO ]Finance模块>>根据Id查询请求测试1：不存在的Id，通过
2023-06-30 16:41:50[ INFO ]Finance模块>>根据Id查询请求测试2：存在的Id，通过
2023-06-30 16:41:50[ INFO ]Finance模块>>根据Id查询请求测试，通过
2023-06-30 16:41:50[ INFO ]Finance模块>>修改请求测试1：不存在的Id，通过
2023-06-30 16:41:50[ INFO ]Finance模块>>修改请求测试2：存在的Id，通过
2023-06-30 16:41:50[ INFO ]Finance模块>>修改请求测试，通过
2023-06-30 16:41:50[ INFO ]Finance模块>>列表请求测试1：非空列表，通过
2023-06-30 16:41:50[ INFO ]Finance模块>>统计请求测试：通过
2023-06-30 16:41:50[ INFO ]Finance模块>>删除请求测试1：不存在的Id，通过
2023-06-30 16:41:50[ INFO ]Finance模块>>删除请求测试2：存在的Id，通过
2023-06-30 16:41:50[ INFO ]Finance模块>>删除请求测试，通过
2023-06-30 16:41:50[ INFO ]Finance模块>>列表请求测试2：空列表，通过
2023-06-30 16:41:50[ INFO ]Finance模块>>添加请求测试1：插入正常数据，通过
2023-06-30 16:41:50[ INFO ]Finance模块>>添加请求测试2：插入已存在数据，通过
2023-06-30 16:41:50[ INFO ]Finance模块>>添加请求测试，通过
2023-06-30 16:41:50[ INFO ]Finance模块>>根据Id查询请求测试1：不存在的Id，通过
2023-06-30 16:41:50[ INFO ]Finance模块>>根据Id查询请求测试2：存在的Id，通过
2023-06-30 16:41:50[ INFO ]Finance模块>>根据Id查询请求测试，通过
2023-06-30 16:41:50[ INFO ]Finance模块>>修改请求测试1：不存在的Id，通过
2023-06-30 16:41:50[ INFO ]Finance模块>>修改请求测试2：存在的Id，通过
2023-06-30 16:41:50[ INFO ]Finance模块>>修改请求测试，通过
2023-06-30 16:41:50[ INFO ]Finance模块>>列表请求测试1：非空列表，通过
2023-06-30 16:41:50[ INFO ]Finance模块>>统计请求测试：通过
2023-06-30 16:41:50[ INFO ]Finance模块>>删除请求测试1：不存在的Id，通过
2023-06-30 16:41:50[ INFO ]Finance模块>>删除请求测试2：存在的Id，通过
2023-06-30 16:41:50[ INFO ]Finance模块>>删除请求测试，通过
2023-06-30 16:41:50[ INFO ]Finance模块>>列表请求测试2：空列表，通过
2023-06-30 16:41:50[ INFO ]Finance模块>>添加请求测试1：插入正常数据，通过
2023-06-30 16:41:50[ INFO ]Finance模块>>添加请求测试2：插入已存在数据，通过
2023-06-30 16:41:50[ INFO ]Finance模块>>添加请求测试，通过
2023-06-30 16:41:50[ INFO ]Finance模块>>根据Id查询请求测试1：不存在的Id，通过
2023-06-30 16:41:50[ INFO ]Finance模块>>根据Id查询请求测试2：存在的Id，通过
2023-06-30 16:41:50[ INFO ]Finance模块>>根据Id查询请求测试，通过
2023-06-30 16:41:50[ INFO ]Finance模块>>修改请求测试1：不存在的Id，通过
2023-06-30 16:41:50[ INFO ]Finance模块>>修改请求测试2：存在的Id，通过
2023-06-30 16:41:50[ INFO ]Finance模块>>修改请求测试，通过
2023-06-30 16:41:50[ INFO ]Finance模块>>列表请求测试1：非空列表，通过
2023-06-30 16:41:50[ INFO ]Finance模块>>统计请求测试：通过
2023-06-30 16:41:50[ INFO ]Finance模块>>删除请求测试1：不存在的Id，通过
2023-06-30 16:41:50[ INFO ]Finance模块>>删除请求测试2：存在的Id，通过
2023-06-30 16:41:50[ INFO ]Finance模块>>删除请求测试，通过
2023-06-30 16:41:50[ INFO ]Finance模块>>列表请求测试2：空列表，通过
2023-06-30 16:42:21[ INFO ]Finance模块>>添加请求测试1：插入正常数据，通过
2023-06-30 16:42:21[ INFO ]Finance模块>>添加请求测试2：插入已存在数据，通过
2023-06-30 16:42:21[ INFO ]Finance模块>>添加请求测试，通过
2023-06-30 16:42:21[ INFO ]Finance模块>>根据Id查询请求测试1：不存在的Id，通过
2023-06-30 16:42:21[ INFO ]Finance模块>>根据Id查询请求测试2：存在的Id，通过
2023-06-30 16:42:21[ INFO ]Finance模块>>根据Id查询请求测试，通过
2023-06-30 16:42:22[ INFO ]Finance模块>>修改请求测试1：不存在的Id，通过
2023-06-30 16:42:22[ INFO ]Finance模块>>修改请求测试2：存在的Id，通过
2023-06-30 16:42:22[ INFO ]Finance模块>>修改请求测试，通过
2023-06-30 16:42:22[ INFO ]Finance模块>>列表请求测试1：非空列表，通过
2023-06-30 16:42:22[ INFO ]Finance模块>>统计请求测试：通过
2023-06-30 16:42:22[ INFO ]Finance模块>>删除请求测试1：不存在的Id，通过
2023-06-30 16:42:22[ INFO ]Finance模块>>删除请求测试2：存在的Id，通过
2023-06-30 16:42:22[ INFO ]Finance模块>>删除请求测试，通过
2023-06-30 16:42:22[ INFO ]Finance模块>>列表请求测试2：空列表，通过
2023-06-30 16:42:22[ INFO ]Finance模块>>添加请求测试1：插入正常数据，通过
2023-06-30 16:42:22[ INFO ]Finance模块>>添加请求测试2：插入已存在数据，通过
2023-06-30 16:42:22[ INFO ]Finance模块>>添加请求测试，通过
2023-06-30 16:42:22[ INFO ]Finance模块>>根据Id查询请求测试1：不存在的Id，通过
2023-06-30 16:42:22[ INFO ]Finance模块>>根据Id查询请求测试2：存在的Id，通过
2023-06-30 16:42:22[ INFO ]Finance模块>>根据Id查询请求测试，通过
2023-06-30 16:42:22[ INFO ]Finance模块>>修改请求测试1：不存在的Id，通过
2023-06-30 16:42:22[ INFO ]Finance模块>>修改请求测试2：存在的Id，通过
2023-06-30 16:42:22[ INFO ]Finance模块>>修改请求测试，通过
2023-06-30 16:42:22[ INFO ]Finance模块>>列表请求测试1：非空列表，通过
2023-06-30 16:42:22[ INFO ]Finance模块>>统计请求测试：通过
2023-06-30 16:42:22[ INFO ]Finance模块>>删除请求测试1：不存在的Id，通过
2023-06-30 16:42:22[ INFO ]Finance模块>>删除请求测试2：存在的Id，通过
2023-06-30 16:42:22[ INFO ]Finance模块>>删除请求测试，通过
2023-06-30 16:42:22[ INFO ]Finance模块>>列表请求测试2：空列表，通过
2023-06-30 16:42:22[ INFO ]Finance模块>>添加请求测试1：插入正常数据，通过
2023-06-30 16:42:22[ INFO ]Finance模块>>添加请求测试2：插入已存在数据，通过
2023-06-30 16:42:22[ INFO ]Finance模块>>添加请求测试，通过
2023-06-30 16:42:22[ INFO ]Finance模块>>根据Id查询请求测试1：不存在的Id，通过
2023-06-30 16:42:22[ INFO ]Finance模块>>根据Id查询请求测试2：存在的Id，通过
2023-06-30 16:42:22[ INFO ]Finance模块>>根据Id查询请求测试，通过
2023-06-30 16:42:22[ INFO ]Finance模块>>修改请求测试1：不存在的Id，通过
2023-06-30 16:42:22[ INFO ]Finance模块>>修改请求测试2：存在的Id，通过
2023-06-30 16:42:22[ INFO ]Finance模块>>修改请求测试，通过
2023-06-30 16:42:22[ INFO ]Finance模块>>列表请求测试1：非空列表，通过
2023-06-30 16:42:22[ INFO ]Finance模块>>统计请求测试：通过
2023-06-30 16:42:22[ INFO ]Finance模块>>删除请求测试1：不存在的Id，通过
2023-06-30 16:42:22[ INFO ]Finance模块>>删除请求测试2：存在的Id，通过
2023-06-30 16:42:22[ INFO ]Finance模块>>删除请求测试，通过
2023-06-30 16:42:22[ INFO ]Finance模块>>列表请求测试2：空列表，通过
2023-06-30 16:43:31[ INFO ]Finance模块>>添加请求测试1：插入正常数据，通过
2023-06-30 16:43:32[ INFO ]Finance模块>>添加请求测试2：插入已存在数据，通过
2023-06-30 16:43:32[ INFO ]Finance模块>>添加请求测试，通过
2023-06-30 16:43:32[ INFO ]Finance模块>>根据Id查询请求测试1：不存在的Id，通过
2023-06-30 16:43:32[ INFO ]Finance模块>>根据Id查询请求测试2：存在的Id，通过
2023-06-30 16:43:32[ INFO ]Finance模块>>根据Id查询请求测试，通过
2023-06-30 16:43:32[ INFO ]Finance模块>>修改请求测试1：不存在的Id，通过
2023-06-30 16:43:32[ INFO ]Finance模块>>修改请求测试2：存在的Id，通过
2023-06-30 16:43:32[ INFO ]Finance模块>>修改请求测试，通过
2023-06-30 16:43:32[ INFO ]Finance模块>>列表请求测试1：非空列表，通过
2023-06-30 16:43:32[ INFO ]Finance模块>>统计请求测试：通过
2023-06-30 16:43:32[ INFO ]Finance模块>>删除请求测试1：不存在的Id，通过
2023-06-30 16:43:32[ INFO ]Finance模块>>删除请求测试2：存在的Id，通过
2023-06-30 16:43:32[ INFO ]Finance模块>>删除请求测试，通过
2023-06-30 16:43:32[ INFO ]Finance模块>>列表请求测试2：空列表，通过
2023-06-30 16:43:32[ INFO ]Finance模块>>添加请求测试1：插入正常数据，通过
2023-06-30 16:43:32[ INFO ]Finance模块>>添加请求测试2：插入已存在数据，通过
2023-06-30 16:43:32[ INFO ]Finance模块>>添加请求测试，通过
2023-06-30 16:43:32[ INFO ]Finance模块>>根据Id查询请求测试1：不存在的Id，通过
2023-06-30 16:43:32[ INFO ]Finance模块>>根据Id查询请求测试2：存在的Id，通过
2023-06-30 16:43:32[ INFO ]Finance模块>>根据Id查询请求测试，通过
2023-06-30 16:43:32[ INFO ]Finance模块>>修改请求测试1：不存在的Id，通过
2023-06-30 16:43:32[ INFO ]Finance模块>>修改请求测试2：存在的Id，通过
2023-06-30 16:43:32[ INFO ]Finance模块>>修改请求测试，通过
2023-06-30 16:43:32[ INFO ]Finance模块>>列表请求测试1：非空列表，通过
2023-06-30 16:43:32[ INFO ]Finance模块>>统计请求测试：通过
2023-06-30 16:43:32[ INFO ]Finance模块>>删除请求测试1：不存在的Id，通过
2023-06-30 16:43:32[ INFO ]Finance模块>>删除请求测试2：存在的Id，通过
2023-06-30 16:43:32[ INFO ]Finance模块>>删除请求测试，通过
2023-06-30 16:43:32[ INFO ]Finance模块>>列表请求测试2：空列表，通过
2023-06-30 16:43:32[ INFO ]Finance模块>>添加请求测试1：插入正常数据，通过
2023-06-30 16:43:32[ INFO ]Finance模块>>添加请求测试2：插入已存在数据，通过
2023-06-30 16:43:32[ INFO ]Finance模块>>添加请求测试，通过
2023-06-30 16:43:32[ INFO ]Finance模块>>根据Id查询请求测试1：不存在的Id，通过
2023-06-30 16:43:32[ INFO ]Finance模块>>根据Id查询请求测试2：存在的Id，通过
2023-06-30 16:43:32[ INFO ]Finance模块>>根据Id查询请求测试，通过
2023-06-30 16:43:32[ INFO ]Finance模块>>修改请求测试1：不存在的Id，通过
2023-06-30 16:43:32[ INFO ]Finance模块>>修改请求测试2：存在的Id，通过
2023-06-30 16:43:32[ INFO ]Finance模块>>修改请求测试，通过
2023-06-30 16:43:32[ INFO ]Finance模块>>列表请求测试1：非空列表，通过
2023-06-30 16:43:32[ INFO ]Finance模块>>统计请求测试：通过
2023-06-30 16:43:32[ INFO ]Finance模块>>删除请求测试1：不存在的Id，通过
2023-06-30 16:43:32[ INFO ]Finance模块>>删除请求测试2：存在的Id，通过
2023-06-30 16:43:32[ INFO ]Finance模块>>删除请求测试，通过
2023-06-30 16:43:32[ INFO ]Finance模块>>列表请求测试2：空列表，通过
2023-06-30 16:43:32[ INFO ]Finance模块>>添加请求测试1：插入正常数据，通过
2023-06-30 16:43:32[ INFO ]Finance模块>>添加请求测试2：插入已存在数据，通过
2023-06-30 16:43:32[ INFO ]Finance模块>>添加请求测试，通过
2023-06-30 16:43:32[ INFO ]Finance模块>>根据Id查询请求测试1：不存在的Id，通过
2023-06-30 16:43:32[ INFO ]Finance模块>>根据Id查询请求测试2：存在的Id，通过
2023-06-30 16:43:32[ INFO ]Finance模块>>根据Id查询请求测试，通过
2023-06-30 16:43:32[ INFO ]Finance模块>>修改请求测试1：不存在的Id，通过
2023-06-30 16:43:32[ INFO ]Finance模块>>修改请求测试2：存在的Id，通过
2023-06-30 16:43:32[ INFO ]Finance模块>>修改请求测试，通过
2023-06-30 16:43:32[ INFO ]Finance模块>>列表请求测试1：非空列表，通过
2023-06-30 16:43:32[ INFO ]Finance模块>>统计请求测试：通过
2023-06-30 16:43:32[ INFO ]Finance模块>>删除请求测试1：不存在的Id，通过
2023-06-30 16:43:32[ INFO ]Finance模块>>删除请求测试2：存在的Id，通过
2023-06-30 16:43:32[ INFO ]Finance模块>>删除请求测试，通过
2023-06-30 16:43:32[ INFO ]Finance模块>>列表请求测试2：空列表，通过
2023-06-30 16:45:35[ INFO ]Health模块>>添加请求测试1：插入正常数据，通过
2023-06-30 16:45:35[ INFO ]Health模块>>添加请求测试2：插入已存在数据，通过
2023-06-30 16:45:35[ INFO ]Health模块>>添加请求测试，通过
2023-06-30 16:45:35[ INFO ]Health模块>>根据Id查询请求测试1：不存在的Id，通过
2023-06-30 16:45:35[ INFO ]Health模块>>根据Id查询请求测试2：存在的Id，通过
2023-06-30 16:45:35[ INFO ]Health模块>>根据Id查询请求测试，通过
2023-06-30 16:45:35[ INFO ]Health模块>>修改请求测试1：不存在的Id，通过
2023-06-30 16:45:35[ INFO ]Health模块>>修改请求测试2：存在的Id，通过
2023-06-30 16:45:35[ INFO ]Health模块>>修改请求测试，通过
2023-06-30 16:45:35[ INFO ]Health模块>>列表请求测试1：非空列表，通过
2023-06-30 16:45:35[ INFO ]Health模块>>删除请求测试1：不存在的Id，通过
2023-06-30 16:45:35[ INFO ]Health模块>>删除请求测试2：存在的Id，通过
2023-06-30 16:45:35[ INFO ]Health模块>>删除请求测试，通过
2023-06-30 16:45:35[ INFO ]Health模块>>列表请求测试2：空列表，通过
2023-06-30 16:45:51[ INFO ]Finance模块>>添加请求测试1：插入正常数据，通过
2023-06-30 16:45:51[ INFO ]Finance模块>>添加请求测试2：插入已存在数据，通过
2023-06-30 16:45:51[ INFO ]Finance模块>>添加请求测试，通过
2023-06-30 16:45:51[ INFO ]Finance模块>>根据Id查询请求测试1：不存在的Id，通过
2023-06-30 16:45:51[ INFO ]Finance模块>>根据Id查询请求测试2：存在的Id，通过
2023-06-30 16:45:51[ INFO ]Finance模块>>根据Id查询请求测试，通过
2023-06-30 16:45:51[ INFO ]Finance模块>>修改请求测试1：不存在的Id，通过
2023-06-30 16:45:51[ INFO ]Finance模块>>修改请求测试2：存在的Id，通过
2023-06-30 16:45:51[ INFO ]Finance模块>>修改请求测试，通过
2023-06-30 16:45:51[ INFO ]Finance模块>>列表请求测试1：非空列表，通过
2023-06-30 16:45:51[ INFO ]Finance模块>>统计请求测试：通过
2023-06-30 16:45:51[ INFO ]Finance模块>>删除请求测试1：不存在的Id，通过
2023-06-30 16:45:51[ INFO ]Finance模块>>删除请求测试2：存在的Id，通过
2023-06-30 16:45:51[ INFO ]Finance模块>>删除请求测试，通过
2023-06-30 16:45:51[ INFO ]Finance模块>>列表请求测试2：空列表，通过
2023-06-30 16:45:51[ INFO ]Health模块>>添加请求测试1：插入正常数据，通过
2023-06-30 16:45:51[ INFO ]Health模块>>添加请求测试2：插入已存在数据，通过
2023-06-30 16:45:51[ INFO ]Health模块>>添加请求测试，通过
2023-06-30 16:45:51[ INFO ]Health模块>>根据Id查询请求测试1：不存在的Id，通过
2023-06-30 16:45:51[ INFO ]Health模块>>根据Id查询请求测试2：存在的Id，通过
2023-06-30 16:45:51[ INFO ]Health模块>>根据Id查询请求测试，通过
2023-06-30 16:45:51[ INFO ]Health模块>>修改请求测试1：不存在的Id，通过
2023-06-30 16:45:51[ INFO ]Health模块>>修改请求测试2：存在的Id，通过
2023-06-30 16:45:51[ INFO ]Health模块>>修改请求测试，通过
2023-06-30 16:45:51[ INFO ]Health模块>>列表请求测试1：非空列表，通过
2023-06-30 16:45:51[ INFO ]Health模块>>删除请求测试1：不存在的Id，通过
2023-06-30 16:45:51[ INFO ]Health模块>>删除请求测试2：存在的Id，通过
2023-06-30 16:45:51[ INFO ]Health模块>>删除请求测试，通过
2023-06-30 16:45:51[ INFO ]Health模块>>列表请求测试2：空列表，通过
2023-06-30 16:45:51[ INFO ]Finance模块>>添加请求测试1：插入正常数据，通过
2023-06-30 16:45:51[ INFO ]Finance模块>>添加请求测试2：插入已存在数据，通过
2023-06-30 16:45:51[ INFO ]Finance模块>>添加请求测试，通过
2023-06-30 16:45:51[ INFO ]Finance模块>>根据Id查询请求测试1：不存在的Id，通过
2023-06-30 16:45:51[ INFO ]Finance模块>>根据Id查询请求测试2：存在的Id，通过
2023-06-30 16:45:51[ INFO ]Finance模块>>根据Id查询请求测试，通过
2023-06-30 16:45:51[ INFO ]Finance模块>>修改请求测试1：不存在的Id，通过
2023-06-30 16:45:51[ INFO ]Finance模块>>修改请求测试2：存在的Id，通过
2023-06-30 16:45:51[ INFO ]Finance模块>>修改请求测试，通过
2023-06-30 16:45:51[ INFO ]Finance模块>>列表请求测试1：非空列表，通过
2023-06-30 16:45:51[ INFO ]Finance模块>>统计请求测试：通过
2023-06-30 16:45:51[ INFO ]Finance模块>>删除请求测试1：不存在的Id，通过
2023-06-30 16:45:51[ INFO ]Finance模块>>删除请求测试2：存在的Id，通过
2023-06-30 16:45:51[ INFO ]Finance模块>>删除请求测试，通过
2023-06-30 16:45:51[ INFO ]Finance模块>>列表请求测试2：空列表，通过
2023-06-30 16:45:51[ INFO ]Finance模块>>添加请求测试1：插入正常数据，通过
2023-06-30 16:45:51[ INFO ]Finance模块>>添加请求测试2：插入已存在数据，通过
2023-06-30 16:45:51[ INFO ]Finance模块>>添加请求测试，通过
2023-06-30 16:45:51[ INFO ]Finance模块>>根据Id查询请求测试1：不存在的Id，通过
2023-06-30 16:45:51[ INFO ]Finance模块>>根据Id查询请求测试2：存在的Id，通过
2023-06-30 16:45:51[ INFO ]Finance模块>>根据Id查询请求测试，通过
2023-06-30 16:45:51[ INFO ]Finance模块>>修改请求测试1：不存在的Id，通过
2023-06-30 16:45:51[ INFO ]Finance模块>>修改请求测试2：存在的Id，通过
2023-06-30 16:45:51[ INFO ]Finance模块>>修改请求测试，通过
2023-06-30 16:45:51[ INFO ]Finance模块>>列表请求测试1：非空列表，通过
2023-06-30 16:45:51[ INFO ]Finance模块>>统计请求测试：通过
2023-06-30 16:45:51[ INFO ]Finance模块>>删除请求测试1：不存在的Id，通过
2023-06-30 16:45:51[ INFO ]Finance模块>>删除请求测试2：存在的Id，通过
2023-06-30 16:45:51[ INFO ]Finance模块>>删除请求测试，通过
2023-06-30 16:45:51[ INFO ]Finance模块>>列表请求测试2：空列表，通过
2023-06-30 16:45:51[ INFO ]Finance模块>>添加请求测试1：插入正常数据，通过
2023-06-30 16:45:51[ INFO ]Finance模块>>添加请求测试2：插入已存在数据，通过
2023-06-30 16:45:51[ INFO ]Finance模块>>添加请求测试，通过
2023-06-30 16:45:51[ INFO ]Finance模块>>根据Id查询请求测试1：不存在的Id，通过
2023-06-30 16:45:51[ INFO ]Finance模块>>根据Id查询请求测试2：存在的Id，通过
2023-06-30 16:45:51[ INFO ]Finance模块>>根据Id查询请求测试，通过
2023-06-30 16:45:51[ INFO ]Finance模块>>修改请求测试1：不存在的Id，通过
2023-06-30 16:45:51[ INFO ]Finance模块>>修改请求测试2：存在的Id，通过
2023-06-30 16:45:51[ INFO ]Finance模块>>修改请求测试，通过
2023-06-30 16:45:51[ INFO ]Finance模块>>列表请求测试1：非空列表，通过
2023-06-30 16:45:51[ INFO ]Finance模块>>统计请求测试：通过
2023-06-30 16:45:51[ INFO ]Finance模块>>删除请求测试1：不存在的Id，通过
2023-06-30 16:45:51[ INFO ]Finance模块>>删除请求测试2：存在的Id，通过
2023-06-30 16:45:51[ INFO ]Finance模块>>删除请求测试，通过
2023-06-30 16:45:51[ INFO ]Finance模块>>列表请求测试2：空列表，通过
2023-06-30 16:47:22[ INFO ]Invest模块>>根据Id查询请求测试1：不存在的Id，通过
2023-06-30 16:47:22[ INFO ]Invest模块>>修改请求测试1：不存在的Id，通过
2023-06-30 16:47:22[ INFO ]Invest模块>>删除请求测试1：不存在的Id，通过
2023-06-30 16:47:22[ INFO ]Invest模块>>列表请求测试2：空列表，通过
2023-06-30 16:48:08[ INFO ]Invest模块>>根据Id查询请求测试1：不存在的Id，通过
2023-06-30 16:48:08[ INFO ]Invest模块>>修改请求测试1：不存在的Id，通过
2023-06-30 16:48:08[ INFO ]Invest模块>>删除请求测试1：不存在的Id，通过
2023-06-30 16:48:08[ INFO ]Invest模块>>列表请求测试2：空列表，通过
2023-06-30 16:58:17[ INFO ]Finance模块>>添加请求测试1：插入正常数据，通过
2023-06-30 16:58:17[ INFO ]Finance模块>>添加请求测试2：插入已存在数据，通过
2023-06-30 16:58:17[ INFO ]Finance模块>>添加请求测试，通过
2023-06-30 16:58:17[ INFO ]Finance模块>>根据Id查询请求测试1：不存在的Id，通过
2023-06-30 16:58:17[ INFO ]Finance模块>>根据Id查询请求测试2：存在的Id，通过
2023-06-30 16:58:17[ INFO ]Finance模块>>根据Id查询请求测试，通过
2023-06-30 16:58:17[ INFO ]Finance模块>>修改请求测试1：不存在的Id，通过
2023-06-30 16:58:17[ INFO ]Finance模块>>修改请求测试2：存在的Id，通过
2023-06-30 16:58:17[ INFO ]Finance模块>>修改请求测试，通过
2023-06-30 16:58:17[ INFO ]Finance模块>>列表请求测试1：非空列表，通过
2023-06-30 16:58:17[ INFO ]Finance模块>>统计请求测试：通过
2023-06-30 16:58:17[ INFO ]Finance模块>>删除请求测试1：不存在的Id，通过
2023-06-30 16:58:17[ INFO ]Finance模块>>删除请求测试2：存在的Id，通过
2023-06-30 16:58:17[ INFO ]Finance模块>>删除请求测试，通过
2023-06-30 16:58:17[ INFO ]Finance模块>>列表请求测试2：空列表，通过
2023-06-30 16:58:17[ INFO ]Health模块>>添加请求测试1：插入正常数据，通过
2023-06-30 16:58:17[ INFO ]Health模块>>添加请求测试2：插入已存在数据，通过
2023-06-30 16:58:17[ INFO ]Health模块>>添加请求测试，通过
2023-06-30 16:58:17[ INFO ]Health模块>>根据Id查询请求测试1：不存在的Id，通过
2023-06-30 16:58:17[ INFO ]Health模块>>根据Id查询请求测试2：存在的Id，通过
2023-06-30 16:58:17[ INFO ]Health模块>>根据Id查询请求测试，通过
2023-06-30 16:58:17[ INFO ]Health模块>>修改请求测试1：不存在的Id，通过
2023-06-30 16:58:17[ INFO ]Health模块>>修改请求测试2：存在的Id，通过
2023-06-30 16:58:17[ INFO ]Health模块>>修改请求测试，通过
2023-06-30 16:58:17[ INFO ]Health模块>>列表请求测试1：非空列表，通过
2023-06-30 16:58:17[ INFO ]Health模块>>删除请求测试1：不存在的Id，通过
2023-06-30 16:58:17[ INFO ]Health模块>>删除请求测试2：存在的Id，通过
2023-06-30 16:58:17[ INFO ]Health模块>>删除请求测试，通过
2023-06-30 16:58:17[ INFO ]Health模块>>列表请求测试2：空列表，通过
2023-06-30 16:58:17[ INFO ]Invest模块>>添加请求测试1：插入正常数据，通过
2023-06-30 16:58:17[ INFO ]Invest模块>>添加请求测试2：插入已存在数据，通过
2023-06-30 16:58:17[ INFO ]Invest模块>>添加请求测试，通过
2023-06-30 16:58:17[ INFO ]Invest模块>>根据Id查询请求测试1：不存在的Id，通过
2023-06-30 16:58:17[ INFO ]Invest模块>>根据Id查询请求测试2：存在的Id，通过
2023-06-30 16:58:17[ INFO ]Invest模块>>根据Id查询请求测试，通过
2023-06-30 16:58:17[ INFO ]Invest模块>>修改请求测试1：不存在的Id，通过
2023-06-30 16:58:17[ INFO ]Invest模块>>修改请求测试2：存在的Id，通过
2023-06-30 16:58:17[ INFO ]Invest模块>>修改请求测试，通过
2023-06-30 16:58:17[ INFO ]Invest模块>>列表请求测试1：非空列表，通过
2023-06-30 16:58:17[ INFO ]Invest模块>>删除请求测试1：不存在的Id，通过
2023-06-30 16:58:17[ INFO ]Invest模块>>删除请求测试2：存在的Id，通过
2023-06-30 16:58:17[ INFO ]Invest模块>>删除请求测试，通过
2023-06-30 16:58:17[ INFO ]Invest模块>>列表请求测试2：空列表，通过
2023-06-30 16:58:17[ INFO ]Finance模块>>添加请求测试1：插入正常数据，通过
2023-06-30 16:58:17[ INFO ]Finance模块>>添加请求测试2：插入已存在数据，通过
2023-06-30 16:58:17[ INFO ]Finance模块>>添加请求测试，通过
2023-06-30 16:58:17[ INFO ]Finance模块>>根据Id查询请求测试1：不存在的Id，通过
2023-06-30 16:58:17[ INFO ]Finance模块>>根据Id查询请求测试2：存在的Id，通过
2023-06-30 16:58:17[ INFO ]Finance模块>>根据Id查询请求测试，通过
2023-06-30 16:58:17[ INFO ]Finance模块>>修改请求测试1：不存在的Id，通过
2023-06-30 16:58:17[ INFO ]Finance模块>>修改请求测试2：存在的Id，通过
2023-06-30 16:58:17[ INFO ]Finance模块>>修改请求测试，通过
2023-06-30 16:58:17[ INFO ]Finance模块>>列表请求测试1：非空列表，通过
2023-06-30 16:58:17[ INFO ]Finance模块>>统计请求测试：通过
2023-06-30 16:58:17[ INFO ]Finance模块>>删除请求测试1：不存在的Id，通过
2023-06-30 16:58:17[ INFO ]Finance模块>>删除请求测试2：存在的Id，通过
2023-06-30 16:58:17[ INFO ]Finance模块>>删除请求测试，通过
2023-06-30 16:58:17[ INFO ]Finance模块>>列表请求测试2：空列表，通过
2023-06-30 16:58:17[ INFO ]Finance模块>>添加请求测试1：插入正常数据，通过
2023-06-30 16:58:17[ INFO ]Finance模块>>添加请求测试2：插入已存在数据，通过
2023-06-30 16:58:17[ INFO ]Finance模块>>添加请求测试，通过
2023-06-30 16:58:17[ INFO ]Finance模块>>根据Id查询请求测试1：不存在的Id，通过
2023-06-30 16:58:17[ INFO ]Finance模块>>根据Id查询请求测试2：存在的Id，通过
2023-06-30 16:58:17[ INFO ]Finance模块>>根据Id查询请求测试，通过
2023-06-30 16:58:17[ INFO ]Finance模块>>修改请求测试1：不存在的Id，通过
2023-06-30 16:58:17[ INFO ]Finance模块>>修改请求测试2：存在的Id，通过
2023-06-30 16:58:17[ INFO ]Finance模块>>修改请求测试，通过
2023-06-30 16:58:17[ INFO ]Finance模块>>列表请求测试1：非空列表，通过
2023-06-30 16:58:17[ INFO ]Finance模块>>统计请求测试：通过
2023-06-30 16:58:17[ INFO ]Finance模块>>删除请求测试1：不存在的Id，通过
2023-06-30 16:58:17[ INFO ]Finance模块>>删除请求测试2：存在的Id，通过
2023-06-30 16:58:17[ INFO ]Finance模块>>删除请求测试，通过
2023-06-30 16:58:17[ INFO ]Finance模块>>列表请求测试2：空列表，通过
2023-06-30 17:03:02[ INFO ]Finance模块>>添加请求测试1：标题为空，通过
2023-06-30 17:03:02[ INFO ]Finance模块>>添加请求测试2：正常数据，通过
2023-06-30 17:03:02[ INFO ]Finance模块>>添加请求测试3：插入已存在数据，通过
2023-06-30 17:03:02[ INFO ]Finance模块>>添加请求测试，通过
2023-06-30 17:03:19[ INFO ]Finance模块>>添加请求测试1：标题为空，通过
2023-06-30 17:03:19[ INFO ]Finance模块>>添加请求测试2：正常数据，通过
2023-06-30 17:03:19[ INFO ]Finance模块>>添加请求测试3：插入已存在数据，通过
2023-06-30 17:03:19[ INFO ]Finance模块>>添加请求测试，通过
2023-06-30 17:03:20[ INFO ]Finance模块>>根据Id查询请求测试1：不存在的Id，通过
2023-06-30 17:03:20[ INFO ]Finance模块>>根据Id查询请求测试2：存在的Id，通过
2023-06-30 17:03:20[ INFO ]Finance模块>>根据Id查询请求测试，通过
2023-06-30 17:03:20[ INFO ]Finance模块>>修改请求测试1：不存在的Id，通过
2023-06-30 17:03:20[ INFO ]Finance模块>>修改请求测试2：存在的Id，通过
2023-06-30 17:03:20[ INFO ]Finance模块>>修改请求测试，通过
2023-06-30 17:03:20[ INFO ]Finance模块>>列表请求测试1：非空列表，通过
2023-06-30 17:03:20[ INFO ]Finance模块>>统计请求测试：通过
2023-06-30 17:03:20[ INFO ]Finance模块>>删除请求测试1：不存在的Id，通过
2023-06-30 17:03:20[ INFO ]Finance模块>>删除请求测试2：存在的Id，通过
2023-06-30 17:03:20[ INFO ]Finance模块>>删除请求测试，通过
2023-06-30 17:03:20[ INFO ]Finance模块>>列表请求测试2：空列表，通过
2023-06-30 17:03:20[ INFO ]Health模块>>添加请求测试1：插入正常数据，通过
2023-06-30 17:03:20[ INFO ]Health模块>>添加请求测试2：插入已存在数据，通过
2023-06-30 17:03:20[ INFO ]Health模块>>添加请求测试，通过
2023-06-30 17:03:20[ INFO ]Health模块>>根据Id查询请求测试1：不存在的Id，通过
2023-06-30 17:03:20[ INFO ]Health模块>>根据Id查询请求测试2：存在的Id，通过
2023-06-30 17:03:20[ INFO ]Health模块>>根据Id查询请求测试，通过
2023-06-30 17:03:20[ INFO ]Health模块>>修改请求测试1：不存在的Id，通过
2023-06-30 17:03:20[ INFO ]Health模块>>修改请求测试2：存在的Id，通过
2023-06-30 17:03:20[ INFO ]Health模块>>修改请求测试，通过
2023-06-30 17:03:20[ INFO ]Health模块>>列表请求测试1：非空列表，通过
2023-06-30 17:03:20[ INFO ]Health模块>>删除请求测试1：不存在的Id，通过
2023-06-30 17:03:20[ INFO ]Health模块>>删除请求测试2：存在的Id，通过
2023-06-30 17:03:20[ INFO ]Health模块>>删除请求测试，通过
2023-06-30 17:03:20[ INFO ]Health模块>>列表请求测试2：空列表，通过
2023-06-30 17:03:20[ INFO ]Invest模块>>添加请求测试1：插入正常数据，通过
2023-06-30 17:03:20[ INFO ]Invest模块>>添加请求测试2：插入已存在数据，通过
2023-06-30 17:03:20[ INFO ]Invest模块>>添加请求测试，通过
2023-06-30 17:03:20[ INFO ]Invest模块>>根据Id查询请求测试1：不存在的Id，通过
2023-06-30 17:03:20[ INFO ]Invest模块>>根据Id查询请求测试2：存在的Id，通过
2023-06-30 17:03:20[ INFO ]Invest模块>>根据Id查询请求测试，通过
2023-06-30 17:03:20[ INFO ]Invest模块>>修改请求测试1：不存在的Id，通过
2023-06-30 17:03:20[ INFO ]Invest模块>>修改请求测试2：存在的Id，通过
2023-06-30 17:03:20[ INFO ]Invest模块>>修改请求测试，通过
2023-06-30 17:03:20[ INFO ]Invest模块>>列表请求测试1：非空列表，通过
2023-06-30 17:03:20[ INFO ]Invest模块>>删除请求测试1：不存在的Id，通过
2023-06-30 17:03:20[ INFO ]Invest模块>>删除请求测试2：存在的Id，通过
2023-06-30 17:03:20[ INFO ]Invest模块>>删除请求测试，通过
2023-06-30 17:03:20[ INFO ]Invest模块>>列表请求测试2：空列表，通过
2023-06-30 17:03:20[ INFO ]Finance模块>>添加请求测试1：插入正常数据，通过
2023-06-30 17:03:20[ INFO ]Finance模块>>添加请求测试2：插入已存在数据，通过
2023-06-30 17:03:20[ INFO ]Finance模块>>添加请求测试，通过
2023-06-30 17:03:20[ INFO ]Finance模块>>根据Id查询请求测试1：不存在的Id，通过
2023-06-30 17:03:20[ INFO ]Finance模块>>根据Id查询请求测试2：存在的Id，通过
2023-06-30 17:03:20[ INFO ]Finance模块>>根据Id查询请求测试，通过
2023-06-30 17:03:20[ INFO ]Finance模块>>修改请求测试1：不存在的Id，通过
2023-06-30 17:03:20[ INFO ]Finance模块>>修改请求测试2：存在的Id，通过
2023-06-30 17:03:20[ INFO ]Finance模块>>修改请求测试，通过
2023-06-30 17:03:20[ INFO ]Finance模块>>列表请求测试1：非空列表，通过
2023-06-30 17:03:20[ INFO ]Finance模块>>统计请求测试：通过
2023-06-30 17:03:20[ INFO ]Finance模块>>删除请求测试1：不存在的Id，通过
2023-06-30 17:03:20[ INFO ]Finance模块>>删除请求测试2：存在的Id，通过
2023-06-30 17:03:20[ INFO ]Finance模块>>删除请求测试，通过
2023-06-30 17:03:20[ INFO ]Finance模块>>列表请求测试2：空列表，通过
2023-06-30 17:03:20[ INFO ]Finance模块>>添加请求测试1：插入正常数据，通过
2023-06-30 17:03:20[ INFO ]Finance模块>>添加请求测试2：插入已存在数据，通过
2023-06-30 17:03:20[ INFO ]Finance模块>>添加请求测试，通过
2023-06-30 17:03:20[ INFO ]Finance模块>>根据Id查询请求测试1：不存在的Id，通过
2023-06-30 17:03:20[ INFO ]Finance模块>>根据Id查询请求测试2：存在的Id，通过
2023-06-30 17:03:20[ INFO ]Finance模块>>根据Id查询请求测试，通过
2023-06-30 17:03:20[ INFO ]Finance模块>>修改请求测试1：不存在的Id，通过
2023-06-30 17:03:20[ INFO ]Finance模块>>修改请求测试2：存在的Id，通过
2023-06-30 17:03:20[ INFO ]Finance模块>>修改请求测试，通过
2023-06-30 17:03:20[ INFO ]Finance模块>>列表请求测试1：非空列表，通过
2023-06-30 17:03:20[ INFO ]Finance模块>>统计请求测试：通过
2023-06-30 17:03:20[ INFO ]Finance模块>>删除请求测试1：不存在的Id，通过
2023-06-30 17:03:20[ INFO ]Finance模块>>删除请求测试2：存在的Id，通过
2023-06-30 17:03:20[ INFO ]Finance模块>>删除请求测试，通过
2023-06-30 17:03:20[ INFO ]Finance模块>>列表请求测试2：空列表，通过
2023-06-30 17:04:19[ INFO ]Finance模块>>添加请求测试1：标题为空，通过
2023-06-30 17:04:19[ INFO ]Finance模块>>添加请求测试2：正常数据，通过
2023-06-30 17:04:19[ INFO ]Finance模块>>添加请求测试3：插入已存在数据，通过
2023-06-30 17:04:19[ INFO ]Finance模块>>添加请求测试，通过
2023-06-30 17:04:19[ INFO ]Finance模块>>根据Id查询请求测试1：不存在的Id，通过
2023-06-30 17:04:19[ INFO ]Finance模块>>根据Id查询请求测试2：存在的Id，通过
2023-06-30 17:04:19[ INFO ]Finance模块>>根据Id查询请求测试，通过
2023-06-30 17:04:19[ INFO ]Finance模块>>修改请求测试1：不存在的Id，通过
2023-06-30 17:04:19[ INFO ]Finance模块>>修改请求测试2：存在的Id，通过
2023-06-30 17:04:19[ INFO ]Finance模块>>修改请求测试，通过
2023-06-30 17:04:19[ INFO ]Finance模块>>列表请求测试1：非空列表，通过
2023-06-30 17:04:19[ INFO ]Finance模块>>统计请求测试：通过
2023-06-30 17:04:19[ INFO ]Finance模块>>删除请求测试1：不存在的Id，通过
2023-06-30 17:04:19[ INFO ]Finance模块>>删除请求测试2：存在的Id，通过
2023-06-30 17:04:19[ INFO ]Finance模块>>删除请求测试，通过
2023-06-30 17:04:19[ INFO ]Finance模块>>列表请求测试2：空列表，通过
2023-06-30 17:04:19[ INFO ]Health模块>>添加请求测试1：插入正常数据，通过
2023-06-30 17:04:19[ INFO ]Health模块>>添加请求测试2：插入已存在数据，通过
2023-06-30 17:04:19[ INFO ]Health模块>>添加请求测试，通过
2023-06-30 17:04:19[ INFO ]Health模块>>根据Id查询请求测试1：不存在的Id，通过
2023-06-30 17:04:19[ INFO ]Health模块>>根据Id查询请求测试2：存在的Id，通过
2023-06-30 17:04:19[ INFO ]Health模块>>根据Id查询请求测试，通过
2023-06-30 17:04:19[ INFO ]Health模块>>修改请求测试1：不存在的Id，通过
2023-06-30 17:04:19[ INFO ]Health模块>>修改请求测试2：存在的Id，通过
2023-06-30 17:04:19[ INFO ]Health模块>>修改请求测试，通过
2023-06-30 17:04:19[ INFO ]Health模块>>列表请求测试1：非空列表，通过
2023-06-30 17:04:19[ INFO ]Health模块>>删除请求测试1：不存在的Id，通过
2023-06-30 17:04:19[ INFO ]Health模块>>删除请求测试2：存在的Id，通过
2023-06-30 17:04:19[ INFO ]Health模块>>删除请求测试，通过
2023-06-30 17:04:19[ INFO ]Health模块>>列表请求测试2：空列表，通过
2023-06-30 17:04:19[ INFO ]Invest模块>>添加请求测试1：插入正常数据，通过
2023-06-30 17:04:19[ INFO ]Invest模块>>添加请求测试2：插入已存在数据，通过
2023-06-30 17:04:19[ INFO ]Invest模块>>添加请求测试，通过
2023-06-30 17:04:19[ INFO ]Invest模块>>根据Id查询请求测试1：不存在的Id，通过
2023-06-30 17:04:19[ INFO ]Invest模块>>根据Id查询请求测试2：存在的Id，通过
2023-06-30 17:04:19[ INFO ]Invest模块>>根据Id查询请求测试，通过
2023-06-30 17:04:19[ INFO ]Invest模块>>修改请求测试1：不存在的Id，通过
2023-06-30 17:04:19[ INFO ]Invest模块>>修改请求测试2：存在的Id，通过
2023-06-30 17:04:19[ INFO ]Invest模块>>修改请求测试，通过
2023-06-30 17:04:19[ INFO ]Invest模块>>列表请求测试1：非空列表，通过
2023-06-30 17:04:19[ INFO ]Invest模块>>删除请求测试1：不存在的Id，通过
2023-06-30 17:04:19[ INFO ]Invest模块>>删除请求测试2：存在的Id，通过
2023-06-30 17:04:19[ INFO ]Invest模块>>删除请求测试，通过
2023-06-30 17:04:19[ INFO ]Invest模块>>列表请求测试2：空列表，通过
2023-06-30 17:04:19[ INFO ]Finance模块>>添加请求测试1：插入正常数据，通过
2023-06-30 17:04:19[ INFO ]Finance模块>>添加请求测试2：插入已存在数据，通过
2023-06-30 17:04:19[ INFO ]Finance模块>>添加请求测试，通过
2023-06-30 17:04:19[ INFO ]Finance模块>>根据Id查询请求测试1：不存在的Id，通过
2023-06-30 17:04:19[ INFO ]Finance模块>>根据Id查询请求测试2：存在的Id，通过
2023-06-30 17:04:19[ INFO ]Finance模块>>根据Id查询请求测试，通过
2023-06-30 17:04:19[ INFO ]Finance模块>>修改请求测试1：不存在的Id，通过
2023-06-30 17:04:19[ INFO ]Finance模块>>修改请求测试2：存在的Id，通过
2023-06-30 17:04:19[ INFO ]Finance模块>>修改请求测试，通过
2023-06-30 17:04:19[ INFO ]Finance模块>>列表请求测试1：非空列表，通过
2023-06-30 17:04:19[ INFO ]Finance模块>>统计请求测试：通过
2023-06-30 17:04:19[ INFO ]Finance模块>>删除请求测试1：不存在的Id，通过
2023-06-30 17:04:19[ INFO ]Finance模块>>删除请求测试2：存在的Id，通过
2023-06-30 17:04:19[ INFO ]Finance模块>>删除请求测试，通过
2023-06-30 17:04:19[ INFO ]Finance模块>>列表请求测试2：空列表，通过
2023-06-30 17:04:19[ INFO ]Finance模块>>添加请求测试1：插入正常数据，通过
2023-06-30 17:04:19[ INFO ]Finance模块>>添加请求测试2：插入已存在数据，通过
2023-06-30 17:04:19[ INFO ]Finance模块>>添加请求测试，通过
2023-06-30 17:04:19[ INFO ]Finance模块>>根据Id查询请求测试1：不存在的Id，通过
2023-06-30 17:04:19[ INFO ]Finance模块>>根据Id查询请求测试2：存在的Id，通过
2023-06-30 17:04:19[ INFO ]Finance模块>>根据Id查询请求测试，通过
2023-06-30 17:04:19[ INFO ]Finance模块>>修改请求测试1：不存在的Id，通过
2023-06-30 17:04:19[ INFO ]Finance模块>>修改请求测试2：存在的Id，通过
2023-06-30 17:04:19[ INFO ]Finance模块>>修改请求测试，通过
2023-06-30 17:04:19[ INFO ]Finance模块>>列表请求测试1：非空列表，通过
2023-06-30 17:04:19[ INFO ]Finance模块>>统计请求测试：通过
2023-06-30 17:04:19[ INFO ]Finance模块>>删除请求测试1：不存在的Id，通过
2023-06-30 17:04:19[ INFO ]Finance模块>>删除请求测试2：存在的Id，通过
2023-06-30 17:04:19[ INFO ]Finance模块>>删除请求测试，通过
2023-06-30 17:04:19[ INFO ]Finance模块>>列表请求测试2：空列表，通过
2023-06-30 17:05:30[ INFO ]Invest模块>>添加请求测试1：插入正常数据，通过
2023-06-30 17:05:30[ INFO ]Invest模块>>添加请求测试2：插入已存在数据，通过
2023-06-30 17:05:30[ INFO ]Invest模块>>添加请求测试，通过
2023-06-30 17:05:30[ INFO ]Invest模块>>根据Id查询请求测试1：不存在的Id，通过
2023-06-30 17:05:30[ INFO ]Invest模块>>根据Id查询请求测试2：存在的Id，通过
2023-06-30 17:05:30[ INFO ]Invest模块>>根据Id查询请求测试，通过
2023-06-30 17:05:30[ INFO ]Invest模块>>修改请求测试1：不存在的Id，通过
2023-06-30 17:05:30[ INFO ]Invest模块>>修改请求测试2：存在的Id，通过
2023-06-30 17:05:30[ INFO ]Invest模块>>修改请求测试，通过
2023-06-30 17:05:30[ INFO ]Invest模块>>列表请求测试1：非空列表，通过
2023-06-30 17:05:30[ INFO ]Invest模块>>删除请求测试1：不存在的Id，通过
2023-06-30 17:05:30[ INFO ]Invest模块>>删除请求测试2：存在的Id，通过
2023-06-30 17:05:30[ INFO ]Invest模块>>删除请求测试，通过
2023-06-30 17:05:30[ INFO ]Invest模块>>列表请求测试2：空列表，通过
2023-06-30 17:06:34[ INFO ]Finance模块>>添加请求测试1：标题为空，通过
2023-06-30 17:06:34[ INFO ]Finance模块>>添加请求测试2：正常数据，通过
2023-06-30 17:06:34[ INFO ]Finance模块>>添加请求测试3：插入已存在数据，通过
2023-06-30 17:06:34[ INFO ]Finance模块>>添加请求测试，通过
2023-06-30 17:06:34[ INFO ]Finance模块>>根据Id查询请求测试1：不存在的Id，通过
2023-06-30 17:06:34[ INFO ]Finance模块>>根据Id查询请求测试2：存在的Id，通过
2023-06-30 17:06:34[ INFO ]Finance模块>>根据Id查询请求测试，通过
2023-06-30 17:06:34[ INFO ]Finance模块>>修改请求测试1：不存在的Id，通过
2023-06-30 17:06:34[ INFO ]Finance模块>>修改请求测试2：存在的Id，通过
2023-06-30 17:06:34[ INFO ]Finance模块>>修改请求测试，通过
2023-06-30 17:06:34[ INFO ]Finance模块>>列表请求测试1：非空列表，通过
2023-06-30 17:06:34[ INFO ]Finance模块>>统计请求测试：通过
2023-06-30 17:06:34[ INFO ]Finance模块>>删除请求测试1：不存在的Id，通过
2023-06-30 17:06:35[ INFO ]Finance模块>>删除请求测试2：存在的Id，通过
2023-06-30 17:06:35[ INFO ]Finance模块>>删除请求测试，通过
2023-06-30 17:06:35[ INFO ]Finance模块>>列表请求测试2：空列表，通过
2023-06-30 17:06:35[ INFO ]Health模块>>添加请求测试1：插入正常数据，通过
2023-06-30 17:06:35[ INFO ]Health模块>>添加请求测试2：插入已存在数据，通过
2023-06-30 17:06:35[ INFO ]Health模块>>添加请求测试，通过
2023-06-30 17:06:35[ INFO ]Health模块>>根据Id查询请求测试1：不存在的Id，通过
2023-06-30 17:06:35[ INFO ]Health模块>>根据Id查询请求测试2：存在的Id，通过
2023-06-30 17:06:35[ INFO ]Health模块>>根据Id查询请求测试，通过
2023-06-30 17:06:35[ INFO ]Health模块>>修改请求测试1：不存在的Id，通过
2023-06-30 17:06:35[ INFO ]Health模块>>修改请求测试2：存在的Id，通过
2023-06-30 17:06:35[ INFO ]Health模块>>修改请求测试，通过
2023-06-30 17:06:35[ INFO ]Health模块>>列表请求测试1：非空列表，通过
2023-06-30 17:06:35[ INFO ]Health模块>>删除请求测试1：不存在的Id，通过
2023-06-30 17:06:35[ INFO ]Health模块>>删除请求测试2：存在的Id，通过
2023-06-30 17:06:35[ INFO ]Health模块>>删除请求测试，通过
2023-06-30 17:06:35[ INFO ]Health模块>>列表请求测试2：空列表，通过
2023-06-30 17:06:35[ INFO ]Invest模块>>添加请求测试1：标题为空，通过
2023-06-30 17:06:35[ INFO ]Invest模块>>添加请求测试2：正常数据，通过
2023-06-30 17:06:35[ INFO ]Invest模块>>添加请求测试3：插入已存在数据，通过
2023-06-30 17:06:35[ INFO ]Invest模块>>添加请求测试，通过
2023-06-30 17:06:35[ INFO ]Invest模块>>根据Id查询请求测试1：不存在的Id，通过
2023-06-30 17:06:35[ INFO ]Invest模块>>根据Id查询请求测试2：存在的Id，通过
2023-06-30 17:06:35[ INFO ]Invest模块>>根据Id查询请求测试，通过
2023-06-30 17:06:35[ INFO ]Invest模块>>修改请求测试1：不存在的Id，通过
2023-06-30 17:06:35[ INFO ]Invest模块>>修改请求测试2：存在的Id，通过
2023-06-30 17:06:35[ INFO ]Invest模块>>修改请求测试，通过
2023-06-30 17:06:35[ INFO ]Invest模块>>列表请求测试1：非空列表，通过
2023-06-30 17:06:35[ INFO ]Invest模块>>删除请求测试1：不存在的Id，通过
2023-06-30 17:06:35[ INFO ]Invest模块>>删除请求测试2：存在的Id，通过
2023-06-30 17:06:35[ INFO ]Invest模块>>删除请求测试，通过
2023-06-30 17:06:35[ INFO ]Invest模块>>列表请求测试2：空列表，通过
2023-06-30 17:06:35[ INFO ]Finance模块>>添加请求测试1：插入正常数据，通过
2023-06-30 17:06:35[ INFO ]Finance模块>>添加请求测试2：插入已存在数据，通过
2023-06-30 17:06:35[ INFO ]Finance模块>>添加请求测试，通过
2023-06-30 17:06:35[ INFO ]Finance模块>>根据Id查询请求测试1：不存在的Id，通过
2023-06-30 17:06:35[ INFO ]Finance模块>>根据Id查询请求测试2：存在的Id，通过
2023-06-30 17:06:35[ INFO ]Finance模块>>根据Id查询请求测试，通过
2023-06-30 17:06:35[ INFO ]Finance模块>>修改请求测试1：不存在的Id，通过
2023-06-30 17:06:35[ INFO ]Finance模块>>修改请求测试2：存在的Id，通过
2023-06-30 17:06:35[ INFO ]Finance模块>>修改请求测试，通过
2023-06-30 17:06:35[ INFO ]Finance模块>>列表请求测试1：非空列表，通过
2023-06-30 17:06:35[ INFO ]Finance模块>>统计请求测试：通过
2023-06-30 17:06:35[ INFO ]Finance模块>>删除请求测试1：不存在的Id，通过
2023-06-30 17:06:35[ INFO ]Finance模块>>删除请求测试2：存在的Id，通过
2023-06-30 17:06:35[ INFO ]Finance模块>>删除请求测试，通过
2023-06-30 17:06:35[ INFO ]Finance模块>>列表请求测试2：空列表，通过
2023-06-30 17:06:35[ INFO ]Finance模块>>添加请求测试1：插入正常数据，通过
2023-06-30 17:06:35[ INFO ]Finance模块>>添加请求测试2：插入已存在数据，通过
2023-06-30 17:06:35[ INFO ]Finance模块>>添加请求测试，通过
2023-06-30 17:06:35[ INFO ]Finance模块>>根据Id查询请求测试1：不存在的Id，通过
2023-06-30 17:06:35[ INFO ]Finance模块>>根据Id查询请求测试2：存在的Id，通过
2023-06-30 17:06:35[ INFO ]Finance模块>>根据Id查询请求测试，通过
2023-06-30 17:06:35[ INFO ]Finance模块>>修改请求测试1：不存在的Id，通过
2023-06-30 17:06:35[ INFO ]Finance模块>>修改请求测试2：存在的Id，通过
2023-06-30 17:06:35[ INFO ]Finance模块>>修改请求测试，通过
2023-06-30 17:06:35[ INFO ]Finance模块>>列表请求测试1：非空列表，通过
2023-06-30 17:06:35[ INFO ]Finance模块>>统计请求测试：通过
2023-06-30 17:06:35[ INFO ]Finance模块>>删除请求测试1：不存在的Id，通过
2023-06-30 17:06:35[ INFO ]Finance模块>>删除请求测试2：存在的Id，通过
2023-06-30 17:06:35[ INFO ]Finance模块>>删除请求测试，通过
2023-06-30 17:06:35[ INFO ]Finance模块>>列表请求测试2：空列表，通过
2023-06-30 17:11:32[ INFO ]Finance模块>>添加请求测试1：标题为空，通过
2023-06-30 17:11:33[ INFO ]Finance模块>>添加请求测试2：正常数据，通过
2023-06-30 17:11:33[ INFO ]Finance模块>>添加请求测试3：插入已存在数据，通过
2023-06-30 17:11:33[ INFO ]Finance模块>>添加请求测试，通过
2023-06-30 17:11:33[ INFO ]Finance模块>>根据Id查询请求测试1：不存在的Id，通过
2023-06-30 17:11:33[ INFO ]Finance模块>>根据Id查询请求测试2：存在的Id，通过
2023-06-30 17:11:33[ INFO ]Finance模块>>根据Id查询请求测试，通过
2023-06-30 17:11:33[ INFO ]Finance模块>>修改请求测试1：不存在的Id，通过
2023-06-30 17:11:33[ INFO ]Finance模块>>修改请求测试2：存在的Id，通过
2023-06-30 17:11:33[ INFO ]Finance模块>>修改请求测试，通过
2023-06-30 17:11:33[ INFO ]Finance模块>>列表请求测试1：非空列表，通过
2023-06-30 17:11:33[ INFO ]Finance模块>>统计请求测试：通过
2023-06-30 17:11:33[ INFO ]Finance模块>>删除请求测试1：不存在的Id，通过
2023-06-30 17:11:33[ INFO ]Finance模块>>删除请求测试2：存在的Id，通过
2023-06-30 17:11:33[ INFO ]Finance模块>>删除请求测试，通过
2023-06-30 17:11:33[ INFO ]Finance模块>>列表请求测试2：空列表，通过
2023-06-30 17:11:33[ INFO ]Health模块>>添加请求测试1：标题为空，通过
2023-06-30 17:11:33[ INFO ]Health模块>>添加请求测试2：正常数据，通过
2023-06-30 17:11:33[ INFO ]Health模块>>添加请求测试3：插入已存在数据，通过
2023-06-30 17:11:33[ INFO ]Health模块>>添加请求测试，通过
2023-06-30 17:11:33[ INFO ]Health模块>>根据Id查询请求测试1：不存在的Id，通过
2023-06-30 17:11:33[ INFO ]Health模块>>根据Id查询请求测试2：存在的Id，通过
2023-06-30 17:11:33[ INFO ]Health模块>>根据Id查询请求测试，通过
2023-06-30 17:11:33[ INFO ]Health模块>>修改请求测试1：不存在的Id，通过
2023-06-30 17:11:33[ INFO ]Health模块>>修改请求测试2：存在的Id，通过
2023-06-30 17:11:33[ INFO ]Health模块>>修改请求测试，通过
2023-06-30 17:11:33[ INFO ]Health模块>>列表请求测试1：非空列表，通过
2023-06-30 17:11:33[ INFO ]Health模块>>删除请求测试1：不存在的Id，通过
2023-06-30 17:11:33[ INFO ]Health模块>>删除请求测试2：存在的Id，通过
2023-06-30 17:11:33[ INFO ]Health模块>>删除请求测试，通过
2023-06-30 17:11:33[ INFO ]Health模块>>列表请求测试2：空列表，通过
2023-06-30 17:11:33[ INFO ]Invest模块>>添加请求测试1：标题为空，通过
2023-06-30 17:11:33[ INFO ]Invest模块>>添加请求测试2：正常数据，通过
2023-06-30 17:11:33[ INFO ]Invest模块>>添加请求测试3：插入已存在数据，通过
2023-06-30 17:11:33[ INFO ]Invest模块>>添加请求测试，通过
2023-06-30 17:11:33[ INFO ]Invest模块>>根据Id查询请求测试1：不存在的Id，通过
2023-06-30 17:11:33[ INFO ]Invest模块>>根据Id查询请求测试2：存在的Id，通过
2023-06-30 17:11:33[ INFO ]Invest模块>>根据Id查询请求测试，通过
2023-06-30 17:11:33[ INFO ]Invest模块>>修改请求测试1：不存在的Id，通过
2023-06-30 17:11:33[ INFO ]Invest模块>>修改请求测试2：存在的Id，通过
2023-06-30 17:11:33[ INFO ]Invest模块>>修改请求测试，通过
2023-06-30 17:11:33[ INFO ]Invest模块>>列表请求测试1：非空列表，通过
2023-06-30 17:11:33[ INFO ]Invest模块>>删除请求测试1：不存在的Id，通过
2023-06-30 17:11:33[ INFO ]Invest模块>>删除请求测试2：存在的Id，通过
2023-06-30 17:11:33[ INFO ]Invest模块>>删除请求测试，通过
2023-06-30 17:11:33[ INFO ]Invest模块>>列表请求测试2：空列表，通过
2023-06-30 17:11:33[ INFO ]Finance模块>>添加请求测试1：标题为空，通过
2023-06-30 17:11:33[ INFO ]Finance模块>>添加请求测试2：正常数据，通过
2023-06-30 17:11:33[ INFO ]Finance模块>>添加请求测试3：插入已存在数据，通过
2023-06-30 17:11:33[ INFO ]Finance模块>>添加请求测试，通过
2023-06-30 17:11:33[ INFO ]Reserve模块>>根据Id查询请求测试1：不存在的Id，通过
2023-06-30 17:11:33[ INFO ]Reserve模块>>根据Id查询请求测试2：存在的Id，通过
2023-06-30 17:11:33[ INFO ]Reserve模块>>根据Id查询请求测试，通过
2023-06-30 17:11:33[ INFO ]Reserve模块>>修改请求测试1：不存在的Id，通过
2023-06-30 17:11:33[ INFO ]Reserve模块>>修改请求测试2：存在的Id，通过
2023-06-30 17:11:33[ INFO ]Reserve模块>>修改请求测试，通过
2023-06-30 17:11:33[ INFO ]Reserve模块>>列表请求测试1：非空列表，通过
2023-06-30 17:11:33[ INFO ]Reserve模块>>删除请求测试1：不存在的Id，通过
2023-06-30 17:11:33[ INFO ]Reserve模块>>删除请求测试2：存在的Id，通过
2023-06-30 17:11:33[ INFO ]Reserve模块>>删除请求测试，通过
2023-06-30 17:11:33[ INFO ]Reserve模块>>列表请求测试2：空列表，通过
2023-06-30 17:11:33[ INFO ]Volunteer模块>>添加请求测试1：标题为空，通过
2023-06-30 17:11:33[ INFO ]Volunteer模块>>添加请求测试2：正常数据，通过
2023-06-30 17:11:33[ INFO ]Volunteer模块>>添加请求测试3：插入已存在数据，通过
2023-06-30 17:11:33[ INFO ]Volunteer模块>>添加请求测试，通过
2023-06-30 17:11:33[ INFO ]Volunteer模块>>根据Id查询请求测试1：不存在的Id，通过
2023-06-30 17:11:33[ INFO ]Volunteer模块>>根据Id查询请求测试2：存在的Id，通过
2023-06-30 17:11:33[ INFO ]Volunteer模块>>根据Id查询请求测试，通过
2023-06-30 17:11:33[ INFO ]Volunteer模块>>修改请求测试1：不存在的Id，通过
2023-06-30 17:11:33[ INFO ]Volunteer模块>>修改请求测试2：存在的Id，通过
2023-06-30 17:11:33[ INFO ]Volunteer模块>>修改请求测试，通过
2023-06-30 17:11:33[ INFO ]Volunteer模块>>列表请求测试1：非空列表，通过
2023-06-30 17:11:33[ INFO ]Volunteer模块>>删除请求测试1：不存在的Id，通过
2023-06-30 17:11:33[ INFO ]Volunteer模块>>删除请求测试2：存在的Id，通过
2023-06-30 17:11:33[ INFO ]Volunteer模块>>删除请求测试，通过
2023-06-30 17:12:11[ INFO ]Finance模块>>添加请求测试1：标题为空，通过
2023-06-30 17:12:11[ INFO ]Finance模块>>添加请求测试2：正常数据，通过
2023-06-30 17:12:11[ INFO ]Finance模块>>添加请求测试3：插入已存在数据，通过
2023-06-30 17:12:11[ INFO ]Finance模块>>添加请求测试，通过
2023-06-30 17:12:11[ INFO ]Finance模块>>根据Id查询请求测试1：不存在的Id，通过
2023-06-30 17:12:11[ INFO ]Finance模块>>根据Id查询请求测试2：存在的Id，通过
2023-06-30 17:12:11[ INFO ]Finance模块>>根据Id查询请求测试，通过
2023-06-30 17:12:11[ INFO ]Finance模块>>修改请求测试1：不存在的Id，通过
2023-06-30 17:12:11[ INFO ]Finance模块>>修改请求测试2：存在的Id，通过
2023-06-30 17:12:11[ INFO ]Finance模块>>修改请求测试，通过
2023-06-30 17:12:11[ INFO ]Finance模块>>列表请求测试1：非空列表，通过
2023-06-30 17:12:11[ INFO ]Finance模块>>统计请求测试：通过
2023-06-30 17:12:11[ INFO ]Finance模块>>删除请求测试1：不存在的Id，通过
2023-06-30 17:12:11[ INFO ]Finance模块>>删除请求测试2：存在的Id，通过
2023-06-30 17:12:11[ INFO ]Finance模块>>删除请求测试，通过
2023-06-30 17:12:11[ INFO ]Finance模块>>列表请求测试2：空列表，通过
2023-06-30 17:12:11[ INFO ]Health模块>>添加请求测试1：标题为空，通过
2023-06-30 17:12:11[ INFO ]Health模块>>添加请求测试2：正常数据，通过
2023-06-30 17:12:11[ INFO ]Health模块>>添加请求测试3：插入已存在数据，通过
2023-06-30 17:12:11[ INFO ]Health模块>>添加请求测试，通过
2023-06-30 17:12:11[ INFO ]Health模块>>根据Id查询请求测试1：不存在的Id，通过
2023-06-30 17:12:11[ INFO ]Health模块>>根据Id查询请求测试2：存在的Id，通过
2023-06-30 17:12:11[ INFO ]Health模块>>根据Id查询请求测试，通过
2023-06-30 17:12:11[ INFO ]Health模块>>修改请求测试1：不存在的Id，通过
2023-06-30 17:12:11[ INFO ]Health模块>>修改请求测试2：存在的Id，通过
2023-06-30 17:12:11[ INFO ]Health模块>>修改请求测试，通过
2023-06-30 17:12:11[ INFO ]Health模块>>列表请求测试1：非空列表，通过
2023-06-30 17:12:11[ INFO ]Health模块>>删除请求测试1：不存在的Id，通过
2023-06-30 17:12:11[ INFO ]Health模块>>删除请求测试2：存在的Id，通过
2023-06-30 17:12:11[ INFO ]Health模块>>删除请求测试，通过
2023-06-30 17:12:11[ INFO ]Health模块>>列表请求测试2：空列表，通过
2023-06-30 17:12:11[ INFO ]Invest模块>>添加请求测试1：标题为空，通过
2023-06-30 17:12:11[ INFO ]Invest模块>>添加请求测试2：正常数据，通过
2023-06-30 17:12:11[ INFO ]Invest模块>>添加请求测试3：插入已存在数据，通过
2023-06-30 17:12:11[ INFO ]Invest模块>>添加请求测试，通过
2023-06-30 17:12:11[ INFO ]Invest模块>>根据Id查询请求测试1：不存在的Id，通过
2023-06-30 17:12:11[ INFO ]Invest模块>>根据Id查询请求测试2：存在的Id，通过
2023-06-30 17:12:11[ INFO ]Invest模块>>根据Id查询请求测试，通过
2023-06-30 17:12:11[ INFO ]Invest模块>>修改请求测试1：不存在的Id，通过
2023-06-30 17:12:11[ INFO ]Invest模块>>修改请求测试2：存在的Id，通过
2023-06-30 17:12:11[ INFO ]Invest模块>>修改请求测试，通过
2023-06-30 17:12:11[ INFO ]Invest模块>>列表请求测试1：非空列表，通过
2023-06-30 17:12:11[ INFO ]Invest模块>>删除请求测试1：不存在的Id，通过
2023-06-30 17:12:11[ INFO ]Invest模块>>删除请求测试2：存在的Id，通过
2023-06-30 17:12:11[ INFO ]Invest模块>>删除请求测试，通过
2023-06-30 17:12:11[ INFO ]Invest模块>>列表请求测试2：空列表，通过
2023-06-30 17:12:11[ INFO ]Finance模块>>添加请求测试1：标题为空，通过
2023-06-30 17:12:11[ INFO ]Finance模块>>添加请求测试2：正常数据，通过
2023-06-30 17:12:11[ INFO ]Finance模块>>添加请求测试3：插入已存在数据，通过
2023-06-30 17:12:11[ INFO ]Finance模块>>添加请求测试，通过
2023-06-30 17:12:11[ INFO ]Reserve模块>>根据Id查询请求测试1：不存在的Id，通过
2023-06-30 17:12:11[ INFO ]Reserve模块>>根据Id查询请求测试2：存在的Id，通过
2023-06-30 17:12:11[ INFO ]Reserve模块>>根据Id查询请求测试，通过
2023-06-30 17:12:11[ INFO ]Reserve模块>>修改请求测试1：不存在的Id，通过
2023-06-30 17:12:11[ INFO ]Reserve模块>>修改请求测试2：存在的Id，通过
2023-06-30 17:12:11[ INFO ]Reserve模块>>修改请求测试，通过
2023-06-30 17:12:11[ INFO ]Reserve模块>>列表请求测试1：非空列表，通过
2023-06-30 17:12:11[ INFO ]Reserve模块>>删除请求测试1：不存在的Id，通过
2023-06-30 17:12:11[ INFO ]Reserve模块>>删除请求测试2：存在的Id，通过
2023-06-30 17:12:11[ INFO ]Reserve模块>>删除请求测试，通过
2023-06-30 17:12:12[ INFO ]Reserve模块>>列表请求测试2：空列表，通过
2023-06-30 17:12:12[ INFO ]Volunteer模块>>添加请求测试1：标题为空，通过
2023-06-30 17:12:12[ INFO ]Volunteer模块>>添加请求测试2：正常数据，通过
2023-06-30 17:12:12[ INFO ]Volunteer模块>>添加请求测试3：插入已存在数据，通过
2023-06-30 17:12:12[ INFO ]Volunteer模块>>添加请求测试，通过
2023-06-30 17:12:12[ INFO ]Volunteer模块>>根据Id查询请求测试1：不存在的Id，通过
2023-06-30 17:12:12[ INFO ]Volunteer模块>>根据Id查询请求测试2：存在的Id，通过
2023-06-30 17:12:12[ INFO ]Volunteer模块>>根据Id查询请求测试，通过
2023-06-30 17:12:12[ INFO ]Volunteer模块>>修改请求测试1：不存在的Id，通过
2023-06-30 17:12:12[ INFO ]Volunteer模块>>修改请求测试2：存在的Id，通过
2023-06-30 17:12:12[ INFO ]Volunteer模块>>修改请求测试，通过
2023-06-30 17:12:12[ INFO ]Volunteer模块>>列表请求测试1：非空列表，通过
2023-06-30 17:12:12[ INFO ]Volunteer模块>>删除请求测试1：不存在的Id，通过
2023-06-30 17:12:12[ INFO ]Volunteer模块>>删除请求测试2：存在的Id，通过
2023-06-30 17:12:12[ INFO ]Volunteer模块>>删除请求测试，通过
2023-06-30 17:14:10[ INFO ]Finance模块>>添加请求测试1：标题为空，通过
2023-06-30 17:14:10[ INFO ]Finance模块>>添加请求测试2：正常数据，通过
2023-06-30 17:14:10[ INFO ]Finance模块>>添加请求测试3：插入已存在数据，通过
2023-06-30 17:14:10[ INFO ]Finance模块>>添加请求测试，通过
2023-06-30 17:14:10[ INFO ]Finance模块>>根据Id查询请求测试1：不存在的Id，通过
2023-06-30 17:14:10[ INFO ]Finance模块>>根据Id查询请求测试2：存在的Id，通过
2023-06-30 17:14:10[ INFO ]Finance模块>>根据Id查询请求测试，通过
2023-06-30 17:14:10[ INFO ]Finance模块>>修改请求测试1：不存在的Id，通过
2023-06-30 17:14:10[ INFO ]Finance模块>>修改请求测试2：存在的Id，通过
2023-06-30 17:14:10[ INFO ]Finance模块>>修改请求测试，通过
2023-06-30 17:14:10[ INFO ]Finance模块>>列表请求测试1：非空列表，通过
2023-06-30 17:14:10[ INFO ]Finance模块>>统计请求测试：通过
2023-06-30 17:14:10[ INFO ]Finance模块>>删除请求测试1：不存在的Id，通过
2023-06-30 17:14:10[ INFO ]Finance模块>>删除请求测试2：存在的Id，通过
2023-06-30 17:14:10[ INFO ]Finance模块>>删除请求测试，通过
2023-06-30 17:14:10[ INFO ]Finance模块>>列表请求测试2：空列表，通过
2023-06-30 17:14:10[ INFO ]Health模块>>添加请求测试1：标题为空，通过
2023-06-30 17:14:10[ INFO ]Health模块>>添加请求测试2：正常数据，通过
2023-06-30 17:14:10[ INFO ]Health模块>>添加请求测试3：插入已存在数据，通过
2023-06-30 17:14:10[ INFO ]Health模块>>添加请求测试，通过
2023-06-30 17:14:10[ INFO ]Health模块>>根据Id查询请求测试1：不存在的Id，通过
2023-06-30 17:14:10[ INFO ]Health模块>>根据Id查询请求测试2：存在的Id，通过
2023-06-30 17:14:10[ INFO ]Health模块>>根据Id查询请求测试，通过
2023-06-30 17:14:10[ INFO ]Health模块>>修改请求测试1：不存在的Id，通过
2023-06-30 17:14:10[ INFO ]Health模块>>修改请求测试2：存在的Id，通过
2023-06-30 17:14:10[ INFO ]Health模块>>修改请求测试，通过
2023-06-30 17:14:10[ INFO ]Health模块>>列表请求测试1：非空列表，通过
2023-06-30 17:14:10[ INFO ]Health模块>>删除请求测试1：不存在的Id，通过
2023-06-30 17:14:10[ INFO ]Health模块>>删除请求测试2：存在的Id，通过
2023-06-30 17:14:10[ INFO ]Health模块>>删除请求测试，通过
2023-06-30 17:14:10[ INFO ]Health模块>>列表请求测试2：空列表，通过
2023-06-30 17:14:10[ INFO ]Invest模块>>添加请求测试1：标题为空，通过
2023-06-30 17:14:10[ INFO ]Invest模块>>添加请求测试2：正常数据，通过
2023-06-30 17:14:10[ INFO ]Invest模块>>添加请求测试3：插入已存在数据，通过
2023-06-30 17:14:10[ INFO ]Invest模块>>添加请求测试，通过
2023-06-30 17:14:10[ INFO ]Invest模块>>根据Id查询请求测试1：不存在的Id，通过
2023-06-30 17:14:10[ INFO ]Invest模块>>根据Id查询请求测试2：存在的Id，通过
2023-06-30 17:14:10[ INFO ]Invest模块>>根据Id查询请求测试，通过
2023-06-30 17:14:10[ INFO ]Invest模块>>修改请求测试1：不存在的Id，通过
2023-06-30 17:14:10[ INFO ]Invest模块>>修改请求测试2：存在的Id，通过
2023-06-30 17:14:10[ INFO ]Invest模块>>修改请求测试，通过
2023-06-30 17:14:10[ INFO ]Invest模块>>列表请求测试1：非空列表，通过
2023-06-30 17:14:10[ INFO ]Invest模块>>删除请求测试1：不存在的Id，通过
2023-06-30 17:14:10[ INFO ]Invest模块>>删除请求测试2：存在的Id，通过
2023-06-30 17:14:10[ INFO ]Invest模块>>删除请求测试，通过
2023-06-30 17:14:10[ INFO ]Invest模块>>列表请求测试2：空列表，通过
2023-06-30 17:14:10[ INFO ]Finance模块>>添加请求测试1：标题为空，通过
2023-06-30 17:14:10[ INFO ]Finance模块>>添加请求测试2：正常数据，通过
2023-06-30 17:14:10[ INFO ]Finance模块>>添加请求测试3：插入已存在数据，通过
2023-06-30 17:14:10[ INFO ]Finance模块>>添加请求测试，通过
2023-06-30 17:14:10[ INFO ]Reserve模块>>根据Id查询请求测试1：不存在的Id，通过
2023-06-30 17:14:10[ INFO ]Reserve模块>>根据Id查询请求测试2：存在的Id，通过
2023-06-30 17:14:10[ INFO ]Reserve模块>>根据Id查询请求测试，通过
2023-06-30 17:14:10[ INFO ]Reserve模块>>修改请求测试1：不存在的Id，通过
2023-06-30 17:14:10[ INFO ]Reserve模块>>修改请求测试2：存在的Id，通过
2023-06-30 17:14:10[ INFO ]Reserve模块>>修改请求测试，通过
2023-06-30 17:14:10[ INFO ]Reserve模块>>列表请求测试1：非空列表，通过
2023-06-30 17:14:10[ INFO ]Reserve模块>>删除请求测试1：不存在的Id，通过
2023-06-30 17:14:10[ INFO ]Reserve模块>>删除请求测试2：存在的Id，通过
2023-06-30 17:14:10[ INFO ]Reserve模块>>删除请求测试，通过
2023-06-30 17:14:10[ INFO ]Reserve模块>>列表请求测试2：空列表，通过
2023-06-30 17:14:10[ INFO ]Volunteer模块>>添加请求测试1：标题为空，通过
2023-06-30 17:14:10[ INFO ]Volunteer模块>>添加请求测试2：正常数据，通过
2023-06-30 17:14:10[ INFO ]Volunteer模块>>添加请求测试3：插入已存在数据，通过
2023-06-30 17:14:10[ INFO ]Volunteer模块>>添加请求测试，通过
2023-06-30 17:14:10[ INFO ]Volunteer模块>>根据Id查询请求测试1：不存在的Id，通过
2023-06-30 17:14:10[ INFO ]Volunteer模块>>根据Id查询请求测试2：存在的Id，通过
2023-06-30 17:14:10[ INFO ]Volunteer模块>>根据Id查询请求测试，通过
2023-06-30 17:14:10[ INFO ]Volunteer模块>>修改请求测试1：不存在的Id，通过
2023-06-30 17:14:10[ INFO ]Volunteer模块>>修改请求测试2：存在的Id，通过
2023-06-30 17:14:10[ INFO ]Volunteer模块>>修改请求测试，通过
2023-06-30 17:14:10[ INFO ]Volunteer模块>>列表请求测试1：非空列表，通过
2023-06-30 17:14:10[ INFO ]Volunteer模块>>删除请求测试1：不存在的Id，通过
2023-06-30 17:14:10[ INFO ]Volunteer模块>>删除请求测试2：存在的Id，通过
2023-06-30 17:14:10[ INFO ]Volunteer模块>>删除请求测试，通过
2023-06-30 17:15:06[ INFO ]Volunteer模块>>添加请求测试1：标题为空，通过
2023-06-30 17:15:21[ INFO ]Volunteer模块>>添加请求测试1：标题为空，通过
2023-06-30 17:15:21[ INFO ]Volunteer模块>>添加请求测试2：正常数据，通过
2023-06-30 17:15:21[ INFO ]Volunteer模块>>添加请求测试3：插入已存在数据，通过
2023-06-30 17:15:21[ INFO ]Volunteer模块>>添加请求测试，通过
2023-06-30 17:15:46[ INFO ]Volunteer模块>>根据Id查询请求测试1：不存在的Id，通过
2023-06-30 17:15:46[ INFO ]Volunteer模块>>根据Id查询请求测试2：存在的Id，通过
2023-06-30 17:15:46[ INFO ]Volunteer模块>>根据Id查询请求测试，通过
2023-06-30 17:15:56[ INFO ]Volunteer模块>>修改请求测试1：不存在的Id，通过
2023-06-30 17:15:56[ INFO ]Volunteer模块>>修改请求测试2：存在的Id，通过
2023-06-30 17:15:56[ INFO ]Volunteer模块>>修改请求测试，通过
2023-06-30 17:16:25[ INFO ]Volunteer模块>>删除请求测试1：不存在的Id，通过
2023-06-30 17:16:25[ INFO ]Volunteer模块>>删除请求测试2：存在的Id，通过
2023-06-30 17:16:25[ INFO ]Volunteer模块>>删除请求测试，通过
2023-06-30 17:16:32[ INFO ]Volunteer模块>>列表请求测试2：空列表，通过
2023-06-30 17:16:41[ INFO ]Finance模块>>添加请求测试1：标题为空，通过
2023-06-30 17:16:41[ INFO ]Finance模块>>添加请求测试2：正常数据，通过
2023-06-30 17:16:41[ INFO ]Finance模块>>添加请求测试3：插入已存在数据，通过
2023-06-30 17:16:41[ INFO ]Finance模块>>添加请求测试，通过
2023-06-30 17:16:41[ INFO ]Finance模块>>根据Id查询请求测试1：不存在的Id，通过
2023-06-30 17:16:41[ INFO ]Finance模块>>根据Id查询请求测试2：存在的Id，通过
2023-06-30 17:16:41[ INFO ]Finance模块>>根据Id查询请求测试，通过
2023-06-30 17:16:41[ INFO ]Finance模块>>修改请求测试1：不存在的Id，通过
2023-06-30 17:16:41[ INFO ]Finance模块>>修改请求测试2：存在的Id，通过
2023-06-30 17:16:41[ INFO ]Finance模块>>修改请求测试，通过
2023-06-30 17:16:41[ INFO ]Finance模块>>列表请求测试1：非空列表，通过
2023-06-30 17:16:41[ INFO ]Finance模块>>统计请求测试：通过
2023-06-30 17:16:41[ INFO ]Finance模块>>删除请求测试1：不存在的Id，通过
2023-06-30 17:16:41[ INFO ]Finance模块>>删除请求测试2：存在的Id，通过
2023-06-30 17:16:41[ INFO ]Finance模块>>删除请求测试，通过
2023-06-30 17:16:41[ INFO ]Finance模块>>列表请求测试2：空列表，通过
2023-06-30 17:16:41[ INFO ]Health模块>>添加请求测试1：标题为空，通过
2023-06-30 17:16:41[ INFO ]Health模块>>添加请求测试2：正常数据，通过
2023-06-30 17:16:41[ INFO ]Health模块>>添加请求测试3：插入已存在数据，通过
2023-06-30 17:16:41[ INFO ]Health模块>>添加请求测试，通过
2023-06-30 17:16:41[ INFO ]Health模块>>根据Id查询请求测试1：不存在的Id，通过
2023-06-30 17:16:41[ INFO ]Health模块>>根据Id查询请求测试2：存在的Id，通过
2023-06-30 17:16:41[ INFO ]Health模块>>根据Id查询请求测试，通过
2023-06-30 17:16:41[ INFO ]Health模块>>修改请求测试1：不存在的Id，通过
2023-06-30 17:16:41[ INFO ]Health模块>>修改请求测试2：存在的Id，通过
2023-06-30 17:16:41[ INFO ]Health模块>>修改请求测试，通过
2023-06-30 17:16:41[ INFO ]Health模块>>列表请求测试1：非空列表，通过
2023-06-30 17:16:41[ INFO ]Health模块>>删除请求测试1：不存在的Id，通过
2023-06-30 17:16:41[ INFO ]Health模块>>删除请求测试2：存在的Id，通过
2023-06-30 17:16:41[ INFO ]Health模块>>删除请求测试，通过
2023-06-30 17:16:41[ INFO ]Health模块>>列表请求测试2：空列表，通过
2023-06-30 17:16:41[ INFO ]Invest模块>>添加请求测试1：标题为空，通过
2023-06-30 17:16:41[ INFO ]Invest模块>>添加请求测试2：正常数据，通过
2023-06-30 17:16:41[ INFO ]Invest模块>>添加请求测试3：插入已存在数据，通过
2023-06-30 17:16:41[ INFO ]Invest模块>>添加请求测试，通过
2023-06-30 17:16:41[ INFO ]Invest模块>>根据Id查询请求测试1：不存在的Id，通过
2023-06-30 17:16:41[ INFO ]Invest模块>>根据Id查询请求测试2：存在的Id，通过
2023-06-30 17:16:41[ INFO ]Invest模块>>根据Id查询请求测试，通过
2023-06-30 17:16:41[ INFO ]Invest模块>>修改请求测试1：不存在的Id，通过
2023-06-30 17:16:41[ INFO ]Invest模块>>修改请求测试2：存在的Id，通过
2023-06-30 17:16:41[ INFO ]Invest模块>>修改请求测试，通过
2023-06-30 17:16:41[ INFO ]Invest模块>>列表请求测试1：非空列表，通过
2023-06-30 17:16:41[ INFO ]Invest模块>>删除请求测试1：不存在的Id，通过
2023-06-30 17:16:41[ INFO ]Invest模块>>删除请求测试2：存在的Id，通过
2023-06-30 17:16:41[ INFO ]Invest模块>>删除请求测试，通过
2023-06-30 17:16:41[ INFO ]Invest模块>>列表请求测试2：空列表，通过
2023-06-30 17:16:41[ INFO ]Finance模块>>添加请求测试1：标题为空，通过
2023-06-30 17:16:41[ INFO ]Finance模块>>添加请求测试2：正常数据，通过
2023-06-30 17:16:41[ INFO ]Finance模块>>添加请求测试3：插入已存在数据，通过
2023-06-30 17:16:41[ INFO ]Finance模块>>添加请求测试，通过
2023-06-30 17:16:41[ INFO ]Reserve模块>>根据Id查询请求测试1：不存在的Id，通过
2023-06-30 17:16:41[ INFO ]Reserve模块>>根据Id查询请求测试2：存在的Id，通过
2023-06-30 17:16:41[ INFO ]Reserve模块>>根据Id查询请求测试，通过
2023-06-30 17:16:41[ INFO ]Reserve模块>>修改请求测试1：不存在的Id，通过
2023-06-30 17:16:41[ INFO ]Reserve模块>>修改请求测试2：存在的Id，通过
2023-06-30 17:16:41[ INFO ]Reserve模块>>修改请求测试，通过
2023-06-30 17:16:41[ INFO ]Reserve模块>>列表请求测试1：非空列表，通过
2023-06-30 17:16:41[ INFO ]Reserve模块>>删除请求测试1：不存在的Id，通过
2023-06-30 17:16:41[ INFO ]Reserve模块>>删除请求测试2：存在的Id，通过
2023-06-30 17:16:41[ INFO ]Reserve模块>>删除请求测试，通过
2023-06-30 17:16:41[ INFO ]Reserve模块>>列表请求测试2：空列表，通过
2023-06-30 17:16:41[ INFO ]Volunteer模块>>添加请求测试1：标题为空，通过
2023-06-30 17:16:41[ INFO ]Volunteer模块>>添加请求测试2：正常数据，通过
2023-06-30 17:16:41[ INFO ]Volunteer模块>>添加请求测试3：插入已存在数据，通过
2023-06-30 17:16:41[ INFO ]Volunteer模块>>添加请求测试，通过
2023-06-30 17:16:41[ INFO ]Volunteer模块>>根据Id查询请求测试1：不存在的Id，通过
2023-06-30 17:16:41[ INFO ]Volunteer模块>>根据Id查询请求测试2：存在的Id，通过
2023-06-30 17:16:41[ INFO ]Volunteer模块>>根据Id查询请求测试，通过
2023-06-30 17:16:41[ INFO ]Volunteer模块>>修改请求测试1：不存在的Id，通过
2023-06-30 17:16:41[ INFO ]Volunteer模块>>修改请求测试2：存在的Id，通过
2023-06-30 17:16:41[ INFO ]Volunteer模块>>修改请求测试，通过
2023-06-30 17:16:41[ INFO ]Volunteer模块>>列表请求测试1：非空列表，通过
2023-06-30 17:16:41[ INFO ]Volunteer模块>>删除请求测试1：不存在的Id，通过
2023-06-30 17:16:41[ INFO ]Volunteer模块>>删除请求测试2：存在的Id，通过
2023-06-30 17:16:41[ INFO ]Volunteer模块>>删除请求测试，通过
2023-06-30 17:16:41[ INFO ]Volunteer模块>>列表请求测试2：空列表，通过
